<?xml version="1.0" encoding="utf-8"?>
<CoverageSession xmlns:xsd="http://www.w3.org/2001/XMLSchema" xmlns:xsi="http://www.w3.org/2001/XMLSchema-instance" Version="4.7.922.0">
  <Summary numSequencePoints="1654" visitedSequencePoints="1000" numBranchPoints="528" visitedBranchPoints="274" sequenceCoverage="60.46" branchCoverage="51.89" maxCyclomaticComplexity="21" minCyclomaticComplexity="1" maxCrapScore="210" minCrapScore="1" visitedClasses="19" numClasses="28" visitedMethods="143" numMethods="192" />
  <Modules>
    <Module hash="27-D3-75-94-83-73-EF-55-6A-A2-43-B6-B8-88-DC-14-5A-80-29-C2">
      <Summary numSequencePoints="503" visitedSequencePoints="371" numBranchPoints="74" visitedBranchPoints="53" sequenceCoverage="73.76" branchCoverage="71.62" maxCyclomaticComplexity="1" minCyclomaticComplexity="1" maxCrapScore="2" minCrapScore="1" visitedClasses="10" numClasses="16" visitedMethods="53" numMethods="74" />
      <ModulePath>D:\שנה ג\סמסטר ב\אימות ובדיקת תוכנה\project2_1\Project Code\HETS - Azo\HETS1Design.UnitTests\bin\Debug\fine-code-coverage\build-output\HETS1Design.UnitTests.dll</ModulePath>
      <ModuleTime>2021-08-15T15:17:59.1138718Z</ModuleTime>
      <ModuleName>HETS1Design.UnitTests</ModuleName>
      <Files>
        <File uid="1" fullPath="D:\שנה ג\סמסטר ב\אימות ובדיקת תוכנה\project2_1\Project Code\HETS - Azo\HETS1Design.UnitTests\HETS Test Classes\CodeCheckerTest.cs" />
        <File uid="2" fullPath="D:\שנה ג\סמסטר ב\אימות ובדיקת תוכנה\project2_1\Project Code\HETS - Azo\HETS1Design.UnitTests\HETS Test Classes\OutputResultTest.cs" />
        <File uid="3" fullPath="D:\שנה ג\סמסטר ב\אימות ובדיקת תוכנה\project2_1\Project Code\HETS - Azo\HETS1Design.UnitTests\HETS Test Classes\SingleSubmissionTest.cs" />
        <File uid="4" fullPath="D:\שנה ג\סמסטר ב\אימות ובדיקת תוכנה\project2_1\Project Code\HETS - Azo\HETS1Design.UnitTests\HETS Test Classes\SingleTestCaseTest.cs" />
        <File uid="7" fullPath="D:\שנה ג\סמסטר ב\אימות ובדיקת תוכנה\project2_1\Project Code\HETS - Azo\HETS1Design.UnitTests\HETS Test Classes\SubmissionsTest.cs" />
        <File uid="8" fullPath="D:\שנה ג\סמסטר ב\אימות ובדיקת תוכנה\project2_1\Project Code\HETS - Azo\HETS1Design.UnitTests\HETS Test Classes\TestCasesTest.cs" />
        <File uid="15" fullPath="D:\שנה ג\סמסטר ב\אימות ובדיקת תוכנה\project2_1\Project Code\HETS - Azo\HETS1Design.UnitTests\HETS Test Classes\ZipArchiveHandlerTest.cs" />
        <File uid="16" fullPath="D:\שנה ג\סמסטר ב\אימות ובדיקת תוכנה\project2_1\Project Code\HETS - Azo\HETS1Design.UnitTests\HETS Test Classes\MainScreenLogicTest.cs" />
      </Files>
      <Classes>
        <Class>
          <Summary numSequencePoints="11" visitedSequencePoints="7" numBranchPoints="2" visitedBranchPoints="2" sequenceCoverage="63.64" branchCoverage="100" maxCyclomaticComplexity="1" minCyclomaticComplexity="1" maxCrapScore="2" minCrapScore="1.04" visitedClasses="1" numClasses="1" visitedMethods="2" numMethods="2" />
          <FullName>HETS1Design.CodeCheckerTest</FullName>
          <Methods>
            <Method visited="true" cyclomaticComplexity="1" nPathComplexity="0" sequenceCoverage="60" branchCoverage="100" crapScore="1.06" isConstructor="false" isStatic="false" isGetter="false" isSetter="false">
              <Summary numSequencePoints="5" visitedSequencePoints="3" numBranchPoints="1" visitedBranchPoints="1" sequenceCoverage="60" branchCoverage="100" maxCyclomaticComplexity="1" minCyclomaticComplexity="1" maxCrapScore="1.06" minCrapScore="1.06" visitedClasses="0" numClasses="0" visitedMethods="1" numMethods="1" />
              <MetadataToken>100663297</MetadataToken>
              <Name>System.Void HETS1Design.CodeCheckerTest::CompileCode_ReturnsOutput()</Name>
              <FileRef uid="1" />
              <SequencePoints>
                <SequencePoint vc="1" uspid="1" ordinal="0" offset="0" sl="12" sc="9" el="12" ec="10" bec="0" bev="0" fileid="1" />
                <SequencePoint vc="1" uspid="2" ordinal="1" offset="1" sl="14" sc="13" el="14" ec="92" bec="0" bev="0" fileid="1" />
                <SequencePoint vc="1" uspid="3" ordinal="2" offset="7" sl="16" sc="13" el="16" ec="61" bec="0" bev="0" fileid="1" />
                <SequencePoint vc="0" uspid="4" ordinal="3" offset="14" sl="17" sc="13" el="17" ec="39" bec="0" bev="0" fileid="1" />
                <SequencePoint vc="0" uspid="5" ordinal="4" offset="21" sl="18" sc="9" el="18" ec="10" bec="0" bev="0" fileid="1" />
              </SequencePoints>
              <BranchPoints />
              <MethodPoint xsi:type="SequencePoint" vc="1" uspid="1" ordinal="0" offset="0" sl="12" sc="9" el="12" ec="10" bec="0" bev="0" fileid="1" />
            </Method>
            <Method visited="true" cyclomaticComplexity="1" nPathComplexity="0" sequenceCoverage="66.67" branchCoverage="100" crapScore="1.04" isConstructor="false" isStatic="false" isGetter="false" isSetter="false">
              <Summary numSequencePoints="6" visitedSequencePoints="4" numBranchPoints="1" visitedBranchPoints="1" sequenceCoverage="66.67" branchCoverage="100" maxCyclomaticComplexity="1" minCyclomaticComplexity="1" maxCrapScore="1.04" minCrapScore="1.04" visitedClasses="0" numClasses="0" visitedMethods="1" numMethods="1" />
              <MetadataToken>100663298</MetadataToken>
              <Name>System.Void HETS1Design.CodeCheckerTest::RunEXE_ReturnsOutput()</Name>
              <FileRef uid="1" />
              <SequencePoints>
                <SequencePoint vc="1" uspid="6" ordinal="0" offset="0" sl="22" sc="9" el="22" ec="10" bec="0" bev="0" fileid="1" />
                <SequencePoint vc="1" uspid="7" ordinal="1" offset="1" sl="24" sc="13" el="24" ec="94" bec="0" bev="0" fileid="1" />
                <SequencePoint vc="1" uspid="8" ordinal="2" offset="7" sl="25" sc="13" el="25" ec="31" bec="0" bev="0" fileid="1" />
                <SequencePoint vc="1" uspid="9" ordinal="3" offset="13" sl="27" sc="13" el="27" ec="63" bec="0" bev="0" fileid="1" />
                <SequencePoint vc="0" uspid="10" ordinal="4" offset="21" sl="28" sc="13" el="28" ec="39" bec="0" bev="0" fileid="1" />
                <SequencePoint vc="0" uspid="11" ordinal="5" offset="28" sl="29" sc="9" el="29" ec="10" bec="0" bev="0" fileid="1" />
              </SequencePoints>
              <BranchPoints />
              <MethodPoint xsi:type="SequencePoint" vc="1" uspid="6" ordinal="0" offset="0" sl="22" sc="9" el="22" ec="10" bec="0" bev="0" fileid="1" />
            </Method>
            <Method visited="false" cyclomaticComplexity="1" nPathComplexity="0" sequenceCoverage="0" branchCoverage="0" crapScore="2" isConstructor="true" isStatic="false" isGetter="false" isSetter="false">
              <Summary numSequencePoints="0" visitedSequencePoints="0" numBranchPoints="0" visitedBranchPoints="0" sequenceCoverage="0" branchCoverage="0" maxCyclomaticComplexity="1" minCyclomaticComplexity="1" maxCrapScore="2" minCrapScore="2" visitedClasses="0" numClasses="0" visitedMethods="0" numMethods="0" />
              <MetadataToken>100663299</MetadataToken>
              <Name>System.Void HETS1Design.CodeCheckerTest::.ctor()</Name>
              <SequencePoints />
              <BranchPoints />
              <MethodPoint vc="0" uspid="12" ordinal="0" offset="0" />
            </Method>
          </Methods>
        </Class>
        <Class>
          <Summary numSequencePoints="11" visitedSequencePoints="11" numBranchPoints="3" visitedBranchPoints="3" sequenceCoverage="100" branchCoverage="100" maxCyclomaticComplexity="1" minCyclomaticComplexity="1" maxCrapScore="2" minCrapScore="1" visitedClasses="1" numClasses="1" visitedMethods="3" numMethods="3" />
          <FullName>HETS1Design.OutputResultTest</FullName>
          <Methods>
            <Method visited="true" cyclomaticComplexity="1" nPathComplexity="0" sequenceCoverage="100" branchCoverage="100" crapScore="1" isConstructor="false" isStatic="false" isGetter="false" isSetter="false">
              <Summary numSequencePoints="3" visitedSequencePoints="3" numBranchPoints="1" visitedBranchPoints="1" sequenceCoverage="100" branchCoverage="100" maxCyclomaticComplexity="1" minCyclomaticComplexity="1" maxCrapScore="1" minCrapScore="1" visitedClasses="0" numClasses="0" visitedMethods="1" numMethods="1" />
              <MetadataToken>100663300</MetadataToken>
              <Name>System.Void HETS1Design.OutputResultTest::Initialize()</Name>
              <FileRef uid="2" />
              <SequencePoints>
                <SequencePoint vc="2" uspid="13" ordinal="0" offset="0" sl="13" sc="9" el="13" ec="10" bec="0" bev="0" fileid="2" />
                <SequencePoint vc="2" uspid="14" ordinal="1" offset="1" sl="14" sc="13" el="14" ec="53" bec="0" bev="0" fileid="2" />
                <SequencePoint vc="2" uspid="15" ordinal="2" offset="17" sl="15" sc="9" el="15" ec="10" bec="0" bev="0" fileid="2" />
              </SequencePoints>
              <BranchPoints />
              <MethodPoint xsi:type="SequencePoint" vc="2" uspid="13" ordinal="0" offset="0" sl="13" sc="9" el="13" ec="10" bec="0" bev="0" fileid="2" />
            </Method>
            <Method visited="true" cyclomaticComplexity="1" nPathComplexity="0" sequenceCoverage="100" branchCoverage="100" crapScore="1" isConstructor="false" isStatic="false" isGetter="false" isSetter="false">
              <Summary numSequencePoints="4" visitedSequencePoints="4" numBranchPoints="1" visitedBranchPoints="1" sequenceCoverage="100" branchCoverage="100" maxCyclomaticComplexity="1" minCyclomaticComplexity="1" maxCrapScore="1" minCrapScore="1" visitedClasses="0" numClasses="0" visitedMethods="1" numMethods="1" />
              <MetadataToken>100663301</MetadataToken>
              <Name>System.Void HETS1Design.OutputResultTest::Match_True()</Name>
              <FileRef uid="2" />
              <SequencePoints>
                <SequencePoint vc="1" uspid="16" ordinal="0" offset="0" sl="19" sc="9" el="19" ec="10" bec="0" bev="0" fileid="2" />
                <SequencePoint vc="1" uspid="17" ordinal="1" offset="1" sl="20" sc="13" el="20" ec="24" bec="0" bev="0" fileid="2" />
                <SequencePoint vc="1" uspid="18" ordinal="2" offset="13" sl="21" sc="13" el="21" ec="42" bec="0" bev="0" fileid="2" />
                <SequencePoint vc="1" uspid="19" ordinal="3" offset="30" sl="22" sc="9" el="22" ec="10" bec="0" bev="0" fileid="2" />
              </SequencePoints>
              <BranchPoints />
              <MethodPoint xsi:type="SequencePoint" vc="1" uspid="16" ordinal="0" offset="0" sl="19" sc="9" el="19" ec="10" bec="0" bev="0" fileid="2" />
            </Method>
            <Method visited="true" cyclomaticComplexity="1" nPathComplexity="0" sequenceCoverage="100" branchCoverage="100" crapScore="1" isConstructor="false" isStatic="false" isGetter="false" isSetter="false">
              <Summary numSequencePoints="4" visitedSequencePoints="4" numBranchPoints="1" visitedBranchPoints="1" sequenceCoverage="100" branchCoverage="100" maxCyclomaticComplexity="1" minCyclomaticComplexity="1" maxCrapScore="1" minCrapScore="1" visitedClasses="0" numClasses="0" visitedMethods="1" numMethods="1" />
              <MetadataToken>100663302</MetadataToken>
              <Name>System.Void HETS1Design.OutputResultTest::Mismatch_NotTrue()</Name>
              <FileRef uid="2" />
              <SequencePoints>
                <SequencePoint vc="1" uspid="20" ordinal="0" offset="0" sl="26" sc="9" el="26" ec="10" bec="0" bev="0" fileid="2" />
                <SequencePoint vc="1" uspid="21" ordinal="1" offset="1" sl="27" sc="13" el="27" ec="27" bec="0" bev="0" fileid="2" />
                <SequencePoint vc="1" uspid="22" ordinal="2" offset="13" sl="28" sc="13" el="28" ec="43" bec="0" bev="0" fileid="2" />
                <SequencePoint vc="1" uspid="23" ordinal="3" offset="30" sl="29" sc="9" el="29" ec="10" bec="0" bev="0" fileid="2" />
              </SequencePoints>
              <BranchPoints />
              <MethodPoint xsi:type="SequencePoint" vc="1" uspid="20" ordinal="0" offset="0" sl="26" sc="9" el="26" ec="10" bec="0" bev="0" fileid="2" />
            </Method>
            <Method visited="false" cyclomaticComplexity="1" nPathComplexity="0" sequenceCoverage="0" branchCoverage="0" crapScore="2" isConstructor="true" isStatic="false" isGetter="false" isSetter="false">
              <Summary numSequencePoints="0" visitedSequencePoints="0" numBranchPoints="0" visitedBranchPoints="0" sequenceCoverage="0" branchCoverage="0" maxCyclomaticComplexity="1" minCyclomaticComplexity="1" maxCrapScore="2" minCrapScore="2" visitedClasses="0" numClasses="0" visitedMethods="0" numMethods="0" />
              <MetadataToken>100663303</MetadataToken>
              <Name>System.Void HETS1Design.OutputResultTest::.ctor()</Name>
              <SequencePoints />
              <BranchPoints />
              <MethodPoint vc="0" uspid="24" ordinal="0" offset="0" />
            </Method>
          </Methods>
        </Class>
        <Class>
          <Summary numSequencePoints="90" visitedSequencePoints="69" numBranchPoints="14" visitedBranchPoints="14" sequenceCoverage="76.67" branchCoverage="100" maxCyclomaticComplexity="1" minCyclomaticComplexity="1" maxCrapScore="2" minCrapScore="1" visitedClasses="1" numClasses="1" visitedMethods="14" numMethods="14" />
          <FullName>HETS1Design.SingleSubmissionTest</FullName>
          <Methods>
            <Method visited="true" cyclomaticComplexity="1" nPathComplexity="0" sequenceCoverage="100" branchCoverage="100" crapScore="1" isConstructor="false" isStatic="false" isGetter="false" isSetter="false">
              <Summary numSequencePoints="16" visitedSequencePoints="16" numBranchPoints="1" visitedBranchPoints="1" sequenceCoverage="100" branchCoverage="100" maxCyclomaticComplexity="1" minCyclomaticComplexity="1" maxCrapScore="1" minCrapScore="1" visitedClasses="0" numClasses="0" visitedMethods="1" numMethods="1" />
              <MetadataToken>100663304</MetadataToken>
              <Name>System.Void HETS1Design.SingleSubmissionTest::Initialize()</Name>
              <FileRef uid="3" />
              <SequencePoints>
                <SequencePoint vc="12" uspid="25" ordinal="0" offset="0" sl="15" sc="9" el="15" ec="10" bec="0" bev="0" fileid="3" />
                <SequencePoint vc="12" uspid="26" ordinal="1" offset="1" sl="16" sc="13" el="16" ec="44" bec="0" bev="0" fileid="3" />
                <SequencePoint vc="12" uspid="27" ordinal="2" offset="7" sl="17" sc="13" el="17" ec="40" bec="0" bev="0" fileid="3" />
                <SequencePoint vc="12" uspid="28" ordinal="3" offset="13" sl="18" sc="13" el="18" ec="48" bec="0" bev="0" fileid="3" />
                <SequencePoint vc="12" uspid="29" ordinal="4" offset="29" sl="19" sc="13" el="19" ec="48" bec="0" bev="0" fileid="3" />
                <SequencePoint vc="12" uspid="30" ordinal="5" offset="45" sl="20" sc="13" el="20" ec="48" bec="0" bev="0" fileid="3" />
                <SequencePoint vc="12" uspid="31" ordinal="6" offset="61" sl="21" sc="13" el="21" ec="52" bec="0" bev="0" fileid="3" />
                <SequencePoint vc="12" uspid="32" ordinal="7" offset="77" sl="22" sc="13" el="22" ec="95" bec="0" bev="0" fileid="3" />
                <SequencePoint vc="12" uspid="33" ordinal="8" offset="94" sl="23" sc="13" el="23" ec="96" bec="0" bev="0" fileid="3" />
                <SequencePoint vc="12" uspid="34" ordinal="9" offset="111" sl="25" sc="13" el="25" ec="96" bec="0" bev="0" fileid="3" />
                <SequencePoint vc="12" uspid="35" ordinal="10" offset="128" sl="27" sc="13" el="27" ec="31" bec="0" bev="0" fileid="3" />
                <SequencePoint vc="12" uspid="36" ordinal="11" offset="130" sl="28" sc="13" el="28" ec="42" bec="0" bev="0" fileid="3" />
                <SequencePoint vc="12" uspid="37" ordinal="12" offset="136" sl="29" sc="13" el="29" ec="44" bec="0" bev="0" fileid="3" />
                <SequencePoint vc="12" uspid="38" ordinal="13" offset="142" sl="30" sc="13" el="30" ec="58" bec="0" bev="0" fileid="3" />
                <SequencePoint vc="12" uspid="39" ordinal="14" offset="151" sl="31" sc="13" el="31" ec="58" bec="0" bev="0" fileid="3" />
                <SequencePoint vc="12" uspid="40" ordinal="15" offset="160" sl="32" sc="9" el="32" ec="10" bec="0" bev="0" fileid="3" />
              </SequencePoints>
              <BranchPoints />
              <MethodPoint xsi:type="SequencePoint" vc="12" uspid="25" ordinal="0" offset="0" sl="15" sc="9" el="15" ec="10" bec="0" bev="0" fileid="3" />
            </Method>
            <Method visited="true" cyclomaticComplexity="1" nPathComplexity="0" sequenceCoverage="100" branchCoverage="100" crapScore="1" isConstructor="false" isStatic="false" isGetter="false" isSetter="false">
              <Summary numSequencePoints="7" visitedSequencePoints="7" numBranchPoints="1" visitedBranchPoints="1" sequenceCoverage="100" branchCoverage="100" maxCyclomaticComplexity="1" minCyclomaticComplexity="1" maxCrapScore="1" minCrapScore="1" visitedClasses="0" numClasses="0" visitedMethods="1" numMethods="1" />
              <MetadataToken>100663305</MetadataToken>
              <Name>System.Void HETS1Design.SingleSubmissionTest::checksubmitID()</Name>
              <FileRef uid="3" />
              <SequencePoints>
                <SequencePoint vc="1" uspid="41" ordinal="0" offset="0" sl="36" sc="9" el="36" ec="10" bec="0" bev="0" fileid="3" />
                <SequencePoint vc="1" uspid="42" ordinal="1" offset="1" sl="37" sc="13" el="37" ec="34" bec="0" bev="0" fileid="3" />
                <SequencePoint vc="1" uspid="43" ordinal="2" offset="13" sl="38" sc="13" el="38" ec="43" bec="0" bev="0" fileid="3" />
                <SequencePoint vc="1" uspid="44" ordinal="3" offset="30" sl="40" sc="13" el="40" ec="55" bec="0" bev="0" fileid="3" />
                <SequencePoint vc="1" uspid="45" ordinal="4" offset="41" sl="41" sc="13" el="41" ec="62" bec="0" bev="0" fileid="3" />
                <SequencePoint vc="1" uspid="46" ordinal="5" offset="69" sl="42" sc="13" el="42" ec="61" bec="0" bev="0" fileid="3" />
                <SequencePoint vc="1" uspid="47" ordinal="6" offset="97" sl="44" sc="9" el="44" ec="10" bec="0" bev="0" fileid="3" />
              </SequencePoints>
              <BranchPoints />
              <MethodPoint xsi:type="SequencePoint" vc="1" uspid="41" ordinal="0" offset="0" sl="36" sc="9" el="36" ec="10" bec="0" bev="0" fileid="3" />
            </Method>
            <Method visited="true" cyclomaticComplexity="1" nPathComplexity="0" sequenceCoverage="100" branchCoverage="100" crapScore="1" isConstructor="false" isStatic="false" isGetter="false" isSetter="false">
              <Summary numSequencePoints="4" visitedSequencePoints="4" numBranchPoints="1" visitedBranchPoints="1" sequenceCoverage="100" branchCoverage="100" maxCyclomaticComplexity="1" minCyclomaticComplexity="1" maxCrapScore="1" minCrapScore="1" visitedClasses="0" numClasses="0" visitedMethods="1" numMethods="1" />
              <MetadataToken>100663306</MetadataToken>
              <Name>System.Void HETS1Design.SingleSubmissionTest::SingleSubmission_Creates()</Name>
              <FileRef uid="3" />
              <SequencePoints>
                <SequencePoint vc="1" uspid="48" ordinal="0" offset="0" sl="48" sc="9" el="48" ec="10" bec="0" bev="0" fileid="3" />
                <SequencePoint vc="1" uspid="49" ordinal="1" offset="1" sl="49" sc="13" el="49" ec="34" bec="0" bev="0" fileid="3" />
                <SequencePoint vc="1" uspid="50" ordinal="2" offset="13" sl="50" sc="13" el="50" ec="43" bec="0" bev="0" fileid="3" />
                <SequencePoint vc="1" uspid="51" ordinal="3" offset="30" sl="51" sc="9" el="51" ec="10" bec="0" bev="0" fileid="3" />
              </SequencePoints>
              <BranchPoints />
              <MethodPoint xsi:type="SequencePoint" vc="1" uspid="48" ordinal="0" offset="0" sl="48" sc="9" el="48" ec="10" bec="0" bev="0" fileid="3" />
            </Method>
            <Method visited="true" cyclomaticComplexity="1" nPathComplexity="0" sequenceCoverage="100" branchCoverage="100" crapScore="1" isConstructor="false" isStatic="false" isGetter="false" isSetter="false">
              <Summary numSequencePoints="5" visitedSequencePoints="5" numBranchPoints="1" visitedBranchPoints="1" sequenceCoverage="100" branchCoverage="100" maxCyclomaticComplexity="1" minCyclomaticComplexity="1" maxCrapScore="1" minCrapScore="1" visitedClasses="0" numClasses="0" visitedMethods="1" numMethods="1" />
              <MetadataToken>100663307</MetadataToken>
              <Name>System.Void HETS1Design.SingleSubmissionTest::AddCode_Success()</Name>
              <FileRef uid="3" />
              <SequencePoints>
                <SequencePoint vc="1" uspid="52" ordinal="0" offset="0" sl="55" sc="9" el="55" ec="10" bec="0" bev="0" fileid="3" />
                <SequencePoint vc="1" uspid="53" ordinal="1" offset="1" sl="56" sc="13" el="56" ec="94" bec="0" bev="0" fileid="3" />
                <SequencePoint vc="1" uspid="54" ordinal="2" offset="18" sl="57" sc="13" el="57" ec="112" bec="0" bev="0" fileid="3" />
                <SequencePoint vc="1" uspid="55" ordinal="3" offset="40" sl="58" sc="13" el="58" ec="42" bec="0" bev="0" fileid="3" />
                <SequencePoint vc="1" uspid="56" ordinal="4" offset="57" sl="59" sc="9" el="59" ec="10" bec="0" bev="0" fileid="3" />
              </SequencePoints>
              <BranchPoints />
              <MethodPoint xsi:type="SequencePoint" vc="1" uspid="52" ordinal="0" offset="0" sl="55" sc="9" el="55" ec="10" bec="0" bev="0" fileid="3" />
            </Method>
            <Method visited="true" cyclomaticComplexity="1" nPathComplexity="0" sequenceCoverage="100" branchCoverage="100" crapScore="1" isConstructor="false" isStatic="false" isGetter="false" isSetter="false">
              <Summary numSequencePoints="5" visitedSequencePoints="5" numBranchPoints="1" visitedBranchPoints="1" sequenceCoverage="100" branchCoverage="100" maxCyclomaticComplexity="1" minCyclomaticComplexity="1" maxCrapScore="1" minCrapScore="1" visitedClasses="0" numClasses="0" visitedMethods="1" numMethods="1" />
              <MetadataToken>100663308</MetadataToken>
              <Name>System.Void HETS1Design.SingleSubmissionTest::AddExe_Success()</Name>
              <FileRef uid="3" />
              <SequencePoints>
                <SequencePoint vc="1" uspid="57" ordinal="0" offset="0" sl="63" sc="9" el="63" ec="10" bec="0" bev="0" fileid="3" />
                <SequencePoint vc="1" uspid="58" ordinal="1" offset="1" sl="64" sc="13" el="64" ec="95" bec="0" bev="0" fileid="3" />
                <SequencePoint vc="1" uspid="59" ordinal="2" offset="18" sl="65" sc="13" el="65" ec="113" bec="0" bev="0" fileid="3" />
                <SequencePoint vc="1" uspid="60" ordinal="3" offset="40" sl="66" sc="13" el="66" ec="41" bec="0" bev="0" fileid="3" />
                <SequencePoint vc="1" uspid="61" ordinal="4" offset="57" sl="67" sc="9" el="67" ec="10" bec="0" bev="0" fileid="3" />
              </SequencePoints>
              <BranchPoints />
              <MethodPoint xsi:type="SequencePoint" vc="1" uspid="57" ordinal="0" offset="0" sl="63" sc="9" el="63" ec="10" bec="0" bev="0" fileid="3" />
            </Method>
            <Method visited="true" cyclomaticComplexity="1" nPathComplexity="0" sequenceCoverage="100" branchCoverage="100" crapScore="1" isConstructor="false" isStatic="false" isGetter="false" isSetter="false">
              <Summary numSequencePoints="2" visitedSequencePoints="2" numBranchPoints="1" visitedBranchPoints="1" sequenceCoverage="100" branchCoverage="100" maxCyclomaticComplexity="1" minCyclomaticComplexity="1" maxCrapScore="1" minCrapScore="1" visitedClasses="0" numClasses="0" visitedMethods="1" numMethods="1" />
              <MetadataToken>100663309</MetadataToken>
              <Name>System.Void HETS1Design.SingleSubmissionTest::RunSubmittedProgram_AddedTestCasesToList()</Name>
              <FileRef uid="3" />
              <SequencePoints>
                <SequencePoint vc="1" uspid="62" ordinal="0" offset="0" sl="71" sc="9" el="71" ec="10" bec="0" bev="0" fileid="3" />
                <SequencePoint vc="1" uspid="63" ordinal="1" offset="1" sl="73" sc="9" el="73" ec="10" bec="0" bev="0" fileid="3" />
              </SequencePoints>
              <BranchPoints />
              <MethodPoint xsi:type="SequencePoint" vc="1" uspid="62" ordinal="0" offset="0" sl="71" sc="9" el="71" ec="10" bec="0" bev="0" fileid="3" />
            </Method>
            <Method visited="true" cyclomaticComplexity="1" nPathComplexity="0" sequenceCoverage="100" branchCoverage="100" crapScore="1" isConstructor="false" isStatic="false" isGetter="false" isSetter="false">
              <Summary numSequencePoints="2" visitedSequencePoints="2" numBranchPoints="1" visitedBranchPoints="1" sequenceCoverage="100" branchCoverage="100" maxCyclomaticComplexity="1" minCyclomaticComplexity="1" maxCrapScore="1" minCrapScore="1" visitedClasses="0" numClasses="0" visitedMethods="1" numMethods="1" />
              <MetadataToken>100663310</MetadataToken>
              <Name>System.Void HETS1Design.SingleSubmissionTest::CompareResultsToDesiredResults_Test()</Name>
              <FileRef uid="3" />
              <SequencePoints>
                <SequencePoint vc="1" uspid="64" ordinal="0" offset="0" sl="77" sc="9" el="77" ec="10" bec="0" bev="0" fileid="3" />
                <SequencePoint vc="1" uspid="65" ordinal="1" offset="1" sl="79" sc="9" el="79" ec="10" bec="0" bev="0" fileid="3" />
              </SequencePoints>
              <BranchPoints />
              <MethodPoint xsi:type="SequencePoint" vc="1" uspid="64" ordinal="0" offset="0" sl="77" sc="9" el="77" ec="10" bec="0" bev="0" fileid="3" />
            </Method>
            <Method visited="true" cyclomaticComplexity="1" nPathComplexity="0" sequenceCoverage="100" branchCoverage="100" crapScore="1" isConstructor="false" isStatic="false" isGetter="false" isSetter="false">
              <Summary numSequencePoints="3" visitedSequencePoints="3" numBranchPoints="1" visitedBranchPoints="1" sequenceCoverage="100" branchCoverage="100" maxCyclomaticComplexity="1" minCyclomaticComplexity="1" maxCrapScore="1" minCrapScore="1" visitedClasses="0" numClasses="0" visitedMethods="1" numMethods="1" />
              <MetadataToken>100663311</MetadataToken>
              <Name>System.Void HETS1Design.SingleSubmissionTest::CompareBothLists_CheckEqual()</Name>
              <FileRef uid="3" />
              <SequencePoints>
                <SequencePoint vc="1" uspid="66" ordinal="0" offset="0" sl="83" sc="9" el="83" ec="10" bec="0" bev="0" fileid="3" />
                <SequencePoint vc="1" uspid="67" ordinal="1" offset="1" sl="84" sc="13" el="84" ec="50" bec="0" bev="0" fileid="3" />
                <SequencePoint vc="1" uspid="68" ordinal="2" offset="18" sl="85" sc="9" el="85" ec="10" bec="0" bev="0" fileid="3" />
              </SequencePoints>
              <BranchPoints />
              <MethodPoint xsi:type="SequencePoint" vc="1" uspid="66" ordinal="0" offset="0" sl="83" sc="9" el="83" ec="10" bec="0" bev="0" fileid="3" />
            </Method>
            <Method visited="true" cyclomaticComplexity="1" nPathComplexity="0" sequenceCoverage="22.22" branchCoverage="100" crapScore="1.47" isConstructor="false" isStatic="false" isGetter="false" isSetter="false">
              <Summary numSequencePoints="18" visitedSequencePoints="4" numBranchPoints="1" visitedBranchPoints="1" sequenceCoverage="22.22" branchCoverage="100" maxCyclomaticComplexity="1" minCyclomaticComplexity="1" maxCrapScore="1.47" minCrapScore="1.47" visitedClasses="0" numClasses="0" visitedMethods="1" numMethods="1" />
              <MetadataToken>100663312</MetadataToken>
              <Name>System.Void HETS1Design.SingleSubmissionTest::Grading_Test()</Name>
              <FileRef uid="3" />
              <SequencePoints>
                <SequencePoint vc="1" uspid="69" ordinal="0" offset="0" sl="89" sc="9" el="89" ec="10" bec="0" bev="0" fileid="3" />
                <SequencePoint vc="1" uspid="70" ordinal="1" offset="1" sl="90" sc="13" el="90" ec="94" bec="0" bev="0" fileid="3" />
                <SequencePoint vc="1" uspid="71" ordinal="2" offset="18" sl="91" sc="13" el="91" ec="95" bec="0" bev="0" fileid="3" />
                <SequencePoint vc="1" uspid="72" ordinal="3" offset="35" sl="93" sc="13" el="93" ec="39" bec="0" bev="0" fileid="3" />
                <SequencePoint vc="0" uspid="73" ordinal="4" offset="47" sl="94" sc="13" el="94" ec="38" bec="0" bev="0" fileid="3" />
                <SequencePoint vc="0" uspid="74" ordinal="5" offset="59" sl="95" sc="13" el="95" ec="49" bec="0" bev="0" fileid="3" />
                <SequencePoint vc="0" uspid="75" ordinal="6" offset="71" sl="96" sc="13" el="96" ec="45" bec="0" bev="0" fileid="3" />
                <SequencePoint vc="0" uspid="76" ordinal="7" offset="86" sl="97" sc="13" el="97" ec="59" bec="0" bev="0" fileid="3" />
                <SequencePoint vc="0" uspid="77" ordinal="8" offset="103" sl="99" sc="13" el="99" ec="39" bec="0" bev="0" fileid="3" />
                <SequencePoint vc="0" uspid="78" ordinal="9" offset="111" sl="100" sc="13" el="100" ec="57" bec="0" bev="0" fileid="3" />
                <SequencePoint vc="0" uspid="79" ordinal="10" offset="119" sl="106" sc="13" el="106" ec="39" bec="0" bev="0" fileid="3" />
                <SequencePoint vc="0" uspid="80" ordinal="11" offset="131" sl="107" sc="13" el="107" ec="38" bec="0" bev="0" fileid="3" />
                <SequencePoint vc="0" uspid="81" ordinal="12" offset="143" sl="108" sc="13" el="108" ec="49" bec="0" bev="0" fileid="3" />
                <SequencePoint vc="0" uspid="82" ordinal="13" offset="155" sl="109" sc="13" el="109" ec="43" bec="0" bev="0" fileid="3" />
                <SequencePoint vc="0" uspid="83" ordinal="14" offset="164" sl="110" sc="13" el="110" ec="62" bec="0" bev="0" fileid="3" />
                <SequencePoint vc="0" uspid="84" ordinal="15" offset="181" sl="111" sc="13" el="111" ec="52" bec="0" bev="0" fileid="3" />
                <SequencePoint vc="0" uspid="85" ordinal="16" offset="204" sl="112" sc="13" el="112" ec="63" bec="0" bev="0" fileid="3" />
                <SequencePoint vc="0" uspid="86" ordinal="17" offset="212" sl="113" sc="9" el="113" ec="10" bec="0" bev="0" fileid="3" />
              </SequencePoints>
              <BranchPoints />
              <MethodPoint xsi:type="SequencePoint" vc="1" uspid="69" ordinal="0" offset="0" sl="89" sc="9" el="89" ec="10" bec="0" bev="0" fileid="3" />
            </Method>
            <Method visited="true" cyclomaticComplexity="1" nPathComplexity="0" sequenceCoverage="100" branchCoverage="100" crapScore="1" isConstructor="false" isStatic="false" isGetter="false" isSetter="false">
              <Summary numSequencePoints="2" visitedSequencePoints="2" numBranchPoints="1" visitedBranchPoints="1" sequenceCoverage="100" branchCoverage="100" maxCyclomaticComplexity="1" minCyclomaticComplexity="1" maxCrapScore="1" minCrapScore="1" visitedClasses="0" numClasses="0" visitedMethods="1" numMethods="1" />
              <MetadataToken>100663313</MetadataToken>
              <Name>System.Void HETS1Design.SingleSubmissionTest::ResultsVsCorrectResults_Test()</Name>
              <FileRef uid="3" />
              <SequencePoints>
                <SequencePoint vc="1" uspid="87" ordinal="0" offset="0" sl="117" sc="9" el="117" ec="10" bec="0" bev="0" fileid="3" />
                <SequencePoint vc="1" uspid="88" ordinal="1" offset="1" sl="119" sc="9" el="119" ec="10" bec="0" bev="0" fileid="3" />
              </SequencePoints>
              <BranchPoints />
              <MethodPoint xsi:type="SequencePoint" vc="1" uspid="87" ordinal="0" offset="0" sl="117" sc="9" el="117" ec="10" bec="0" bev="0" fileid="3" />
            </Method>
            <Method visited="true" cyclomaticComplexity="1" nPathComplexity="0" sequenceCoverage="100" branchCoverage="100" crapScore="1" isConstructor="false" isStatic="false" isGetter="false" isSetter="false">
              <Summary numSequencePoints="4" visitedSequencePoints="4" numBranchPoints="1" visitedBranchPoints="1" sequenceCoverage="100" branchCoverage="100" maxCyclomaticComplexity="1" minCyclomaticComplexity="1" maxCrapScore="1" minCrapScore="1" visitedClasses="0" numClasses="0" visitedMethods="1" numMethods="1" />
              <MetadataToken>100663314</MetadataToken>
              <Name>System.Void HETS1Design.SingleSubmissionTest::CorrectResultsPercentage_Test()</Name>
              <FileRef uid="3" />
              <SequencePoints>
                <SequencePoint vc="1" uspid="89" ordinal="0" offset="0" sl="123" sc="9" el="123" ec="10" bec="0" bev="0" fileid="3" />
                <SequencePoint vc="1" uspid="90" ordinal="1" offset="1" sl="124" sc="13" el="124" ec="55" bec="0" bev="0" fileid="3" />
                <SequencePoint vc="1" uspid="91" ordinal="2" offset="13" sl="125" sc="13" el="125" ec="45" bec="0" bev="0" fileid="3" />
                <SequencePoint vc="1" uspid="92" ordinal="3" offset="30" sl="126" sc="9" el="126" ec="10" bec="0" bev="0" fileid="3" />
              </SequencePoints>
              <BranchPoints />
              <MethodPoint xsi:type="SequencePoint" vc="1" uspid="89" ordinal="0" offset="0" sl="123" sc="9" el="123" ec="10" bec="0" bev="0" fileid="3" />
            </Method>
            <Method visited="true" cyclomaticComplexity="1" nPathComplexity="0" sequenceCoverage="45.45" branchCoverage="100" crapScore="1.16" isConstructor="false" isStatic="false" isGetter="false" isSetter="false">
              <Summary numSequencePoints="11" visitedSequencePoints="5" numBranchPoints="1" visitedBranchPoints="1" sequenceCoverage="45.45" branchCoverage="100" maxCyclomaticComplexity="1" minCyclomaticComplexity="1" maxCrapScore="1.16" minCrapScore="1.16" visitedClasses="0" numClasses="0" visitedMethods="1" numMethods="1" />
              <MetadataToken>100663315</MetadataToken>
              <Name>System.Void HETS1Design.SingleSubmissionTest::GetAllSingleSubmissionResults_Test()</Name>
              <FileRef uid="3" />
              <SequencePoints>
                <SequencePoint vc="1" uspid="93" ordinal="0" offset="0" sl="130" sc="9" el="130" ec="10" bec="0" bev="0" fileid="3" />
                <SequencePoint vc="1" uspid="94" ordinal="1" offset="1" sl="131" sc="13" el="131" ec="60" bec="0" bev="0" fileid="3" />
                <SequencePoint vc="1" uspid="95" ordinal="2" offset="13" sl="132" sc="13" el="132" ec="48" bec="0" bev="0" fileid="3" />
                <SequencePoint vc="1" uspid="96" ordinal="3" offset="25" sl="133" sc="13" el="133" ec="54" bec="0" bev="0" fileid="3" />
                <SequencePoint vc="1" uspid="97" ordinal="4" offset="42" sl="134" sc="13" el="134" ec="39" bec="0" bev="0" fileid="3" />
                <SequencePoint vc="0" uspid="98" ordinal="5" offset="54" sl="135" sc="13" el="135" ec="38" bec="0" bev="0" fileid="3" />
                <SequencePoint vc="0" uspid="99" ordinal="6" offset="66" sl="136" sc="13" el="136" ec="38" bec="0" bev="0" fileid="3" />
                <SequencePoint vc="0" uspid="100" ordinal="7" offset="78" sl="137" sc="13" el="137" ec="49" bec="0" bev="0" fileid="3" />
                <SequencePoint vc="0" uspid="101" ordinal="8" offset="90" sl="138" sc="13" el="138" ec="61" bec="0" bev="0" fileid="3" />
                <SequencePoint vc="0" uspid="102" ordinal="9" offset="102" sl="139" sc="13" el="139" ec="52" bec="0" bev="0" fileid="3" />
                <SequencePoint vc="0" uspid="103" ordinal="10" offset="114" sl="140" sc="9" el="140" ec="10" bec="0" bev="0" fileid="3" />
              </SequencePoints>
              <BranchPoints />
              <MethodPoint xsi:type="SequencePoint" vc="1" uspid="93" ordinal="0" offset="0" sl="130" sc="9" el="130" ec="10" bec="0" bev="0" fileid="3" />
            </Method>
            <Method visited="true" cyclomaticComplexity="1" nPathComplexity="0" sequenceCoverage="85.71" branchCoverage="100" crapScore="1.00" isConstructor="false" isStatic="false" isGetter="false" isSetter="false">
              <Summary numSequencePoints="7" visitedSequencePoints="6" numBranchPoints="1" visitedBranchPoints="1" sequenceCoverage="85.71" branchCoverage="100" maxCyclomaticComplexity="1" minCyclomaticComplexity="1" maxCrapScore="1.00" minCrapScore="1.00" visitedClasses="0" numClasses="0" visitedMethods="1" numMethods="1" />
              <MetadataToken>100663316</MetadataToken>
              <Name>System.Void HETS1Design.SingleSubmissionTest::CorrectResultsCount()</Name>
              <FileRef uid="3" />
              <SequencePoints>
                <SequencePoint vc="1" uspid="104" ordinal="0" offset="0" sl="144" sc="9" el="144" ec="10" bec="0" bev="0" fileid="3" />
                <SequencePoint vc="1" uspid="105" ordinal="1" offset="1" sl="145" sc="13" el="145" ec="95" bec="0" bev="0" fileid="3" />
                <SequencePoint vc="1" uspid="106" ordinal="2" offset="18" sl="146" sc="13" el="146" ec="38" bec="0" bev="0" fileid="3" />
                <SequencePoint vc="1" uspid="107" ordinal="3" offset="30" sl="147" sc="13" el="147" ec="49" bec="0" bev="0" fileid="3" />
                <SequencePoint vc="1" uspid="108" ordinal="4" offset="42" sl="148" sc="13" el="148" ec="49" bec="0" bev="0" fileid="3" />
                <SequencePoint vc="1" uspid="109" ordinal="5" offset="54" sl="149" sc="13" el="149" ec="38" bec="0" bev="0" fileid="3" />
                <SequencePoint vc="0" uspid="110" ordinal="6" offset="62" sl="150" sc="9" el="150" ec="10" bec="0" bev="0" fileid="3" />
              </SequencePoints>
              <BranchPoints />
              <MethodPoint xsi:type="SequencePoint" vc="1" uspid="104" ordinal="0" offset="0" sl="144" sc="9" el="144" ec="10" bec="0" bev="0" fileid="3" />
            </Method>
            <Method visited="true" cyclomaticComplexity="1" nPathComplexity="0" sequenceCoverage="100" branchCoverage="100" crapScore="1" isConstructor="false" isStatic="false" isGetter="false" isSetter="false">
              <Summary numSequencePoints="4" visitedSequencePoints="4" numBranchPoints="1" visitedBranchPoints="1" sequenceCoverage="100" branchCoverage="100" maxCyclomaticComplexity="1" minCyclomaticComplexity="1" maxCrapScore="1" minCrapScore="1" visitedClasses="0" numClasses="0" visitedMethods="1" numMethods="1" />
              <MetadataToken>100663317</MetadataToken>
              <Name>System.Void HETS1Design.SingleSubmissionTest::TestCleanup()</Name>
              <FileRef uid="3" />
              <SequencePoints>
                <SequencePoint vc="12" uspid="111" ordinal="0" offset="0" sl="154" sc="9" el="154" ec="10" bec="0" bev="0" fileid="3" />
                <SequencePoint vc="12" uspid="112" ordinal="1" offset="1" sl="155" sc="13" el="155" ec="44" bec="0" bev="0" fileid="3" />
                <SequencePoint vc="12" uspid="113" ordinal="2" offset="7" sl="156" sc="13" el="156" ec="40" bec="0" bev="0" fileid="3" />
                <SequencePoint vc="12" uspid="114" ordinal="3" offset="13" sl="157" sc="9" el="157" ec="10" bec="0" bev="0" fileid="3" />
              </SequencePoints>
              <BranchPoints />
              <MethodPoint xsi:type="SequencePoint" vc="12" uspid="111" ordinal="0" offset="0" sl="154" sc="9" el="154" ec="10" bec="0" bev="0" fileid="3" />
            </Method>
            <Method visited="false" cyclomaticComplexity="1" nPathComplexity="0" sequenceCoverage="0" branchCoverage="0" crapScore="2" isConstructor="true" isStatic="false" isGetter="false" isSetter="false">
              <Summary numSequencePoints="0" visitedSequencePoints="0" numBranchPoints="0" visitedBranchPoints="0" sequenceCoverage="0" branchCoverage="0" maxCyclomaticComplexity="1" minCyclomaticComplexity="1" maxCrapScore="2" minCrapScore="2" visitedClasses="0" numClasses="0" visitedMethods="0" numMethods="0" />
              <MetadataToken>100663318</MetadataToken>
              <Name>System.Void HETS1Design.SingleSubmissionTest::.ctor()</Name>
              <SequencePoints />
              <BranchPoints />
              <MethodPoint vc="0" uspid="115" ordinal="0" offset="0" />
            </Method>
          </Methods>
        </Class>
        <Class>
          <Summary numSequencePoints="86" visitedSequencePoints="86" numBranchPoints="6" visitedBranchPoints="6" sequenceCoverage="100" branchCoverage="100" maxCyclomaticComplexity="1" minCyclomaticComplexity="1" maxCrapScore="2" minCrapScore="1" visitedClasses="1" numClasses="1" visitedMethods="6" numMethods="6" />
          <FullName>HETS1Design.SingleTestCaseTest</FullName>
          <Methods>
            <Method visited="true" cyclomaticComplexity="1" nPathComplexity="0" sequenceCoverage="100" branchCoverage="100" crapScore="1" isConstructor="false" isStatic="false" isGetter="false" isSetter="false">
              <Summary numSequencePoints="7" visitedSequencePoints="7" numBranchPoints="1" visitedBranchPoints="1" sequenceCoverage="100" branchCoverage="100" maxCyclomaticComplexity="1" minCyclomaticComplexity="1" maxCrapScore="1" minCrapScore="1" visitedClasses="0" numClasses="0" visitedMethods="1" numMethods="1" />
              <MetadataToken>100663319</MetadataToken>
              <Name>System.Void HETS1Design.SingleTestCaseTest::Initialize()</Name>
              <FileRef uid="4" />
              <SequencePoints>
                <SequencePoint vc="5" uspid="116" ordinal="0" offset="0" sl="14" sc="9" el="14" ec="10" bec="0" bev="0" fileid="4" />
                <SequencePoint vc="5" uspid="117" ordinal="1" offset="1" sl="15" sc="13" el="15" ec="44" bec="0" bev="0" fileid="4" />
                <SequencePoint vc="5" uspid="118" ordinal="2" offset="7" sl="16" sc="13" el="16" ec="40" bec="0" bev="0" fileid="4" />
                <SequencePoint vc="5" uspid="119" ordinal="3" offset="13" sl="17" sc="13" el="17" ec="56" bec="0" bev="0" fileid="4" />
                <SequencePoint vc="5" uspid="120" ordinal="4" offset="35" sl="18" sc="13" el="18" ec="68" bec="0" bev="0" fileid="4" />
                <SequencePoint vc="5" uspid="121" ordinal="5" offset="57" sl="19" sc="13" el="19" ec="65" bec="0" bev="0" fileid="4" />
                <SequencePoint vc="5" uspid="122" ordinal="6" offset="79" sl="20" sc="9" el="20" ec="10" bec="0" bev="0" fileid="4" />
              </SequencePoints>
              <BranchPoints />
              <MethodPoint xsi:type="SequencePoint" vc="5" uspid="116" ordinal="0" offset="0" sl="14" sc="9" el="14" ec="10" bec="0" bev="0" fileid="4" />
            </Method>
            <Method visited="true" cyclomaticComplexity="1" nPathComplexity="0" sequenceCoverage="100" branchCoverage="100" crapScore="1" isConstructor="false" isStatic="false" isGetter="false" isSetter="false">
              <Summary numSequencePoints="7" visitedSequencePoints="7" numBranchPoints="1" visitedBranchPoints="1" sequenceCoverage="100" branchCoverage="100" maxCyclomaticComplexity="1" minCyclomaticComplexity="1" maxCrapScore="1" minCrapScore="1" visitedClasses="0" numClasses="0" visitedMethods="1" numMethods="1" />
              <MetadataToken>100663320</MetadataToken>
              <Name>System.Void HETS1Design.SingleTestCaseTest::SingleTestCase_CreatedSuccessfully()</Name>
              <FileRef uid="4" />
              <SequencePoints>
                <SequencePoint vc="1" uspid="123" ordinal="0" offset="0" sl="26" sc="9" el="26" ec="10" bec="0" bev="0" fileid="4" />
                <SequencePoint vc="1" uspid="124" ordinal="1" offset="1" sl="27" sc="13" el="27" ec="34" bec="0" bev="0" fileid="4" />
                <SequencePoint vc="1" uspid="125" ordinal="2" offset="13" sl="28" sc="13" el="28" ec="34" bec="0" bev="0" fileid="4" />
                <SequencePoint vc="1" uspid="126" ordinal="3" offset="25" sl="29" sc="13" el="29" ec="34" bec="0" bev="0" fileid="4" />
                <SequencePoint vc="1" uspid="127" ordinal="4" offset="37" sl="30" sc="13" el="30" ec="46" bec="0" bev="0" fileid="4" />
                <SequencePoint vc="1" uspid="128" ordinal="5" offset="54" sl="31" sc="13" el="31" ec="43" bec="0" bev="0" fileid="4" />
                <SequencePoint vc="1" uspid="129" ordinal="6" offset="71" sl="32" sc="9" el="32" ec="10" bec="0" bev="0" fileid="4" />
              </SequencePoints>
              <BranchPoints />
              <MethodPoint xsi:type="SequencePoint" vc="1" uspid="123" ordinal="0" offset="0" sl="26" sc="9" el="26" ec="10" bec="0" bev="0" fileid="4" />
            </Method>
            <Method visited="true" cyclomaticComplexity="1" nPathComplexity="0" sequenceCoverage="100" branchCoverage="100" crapScore="1" isConstructor="false" isStatic="false" isGetter="false" isSetter="false">
              <Summary numSequencePoints="2" visitedSequencePoints="2" numBranchPoints="1" visitedBranchPoints="1" sequenceCoverage="100" branchCoverage="100" maxCyclomaticComplexity="1" minCyclomaticComplexity="1" maxCrapScore="1" minCrapScore="1" visitedClasses="0" numClasses="0" visitedMethods="1" numMethods="1" />
              <MetadataToken>100663321</MetadataToken>
              <Name>System.Void HETS1Design.SingleTestCaseTest::AppendTestCase_Appended()</Name>
              <FileRef uid="4" />
              <SequencePoints>
                <SequencePoint vc="1" uspid="130" ordinal="0" offset="0" sl="36" sc="9" el="36" ec="10" bec="0" bev="0" fileid="4" />
                <SequencePoint vc="1" uspid="131" ordinal="1" offset="1" sl="38" sc="9" el="38" ec="10" bec="0" bev="0" fileid="4" />
              </SequencePoints>
              <BranchPoints />
              <MethodPoint xsi:type="SequencePoint" vc="1" uspid="130" ordinal="0" offset="0" sl="36" sc="9" el="36" ec="10" bec="0" bev="0" fileid="4" />
            </Method>
            <Method visited="true" cyclomaticComplexity="1" nPathComplexity="0" sequenceCoverage="100" branchCoverage="100" crapScore="1" isConstructor="false" isStatic="false" isGetter="false" isSetter="false">
              <Summary numSequencePoints="5" visitedSequencePoints="5" numBranchPoints="1" visitedBranchPoints="1" sequenceCoverage="100" branchCoverage="100" maxCyclomaticComplexity="1" minCyclomaticComplexity="1" maxCrapScore="1" minCrapScore="1" visitedClasses="0" numClasses="0" visitedMethods="1" numMethods="1" />
              <MetadataToken>100663322</MetadataToken>
              <Name>System.Void HETS1Design.SingleTestCaseTest::CompareOutput_IsTrue()</Name>
              <FileRef uid="4" />
              <SequencePoints>
                <SequencePoint vc="1" uspid="132" ordinal="0" offset="0" sl="42" sc="9" el="42" ec="10" bec="0" bev="0" fileid="4" />
                <SequencePoint vc="1" uspid="133" ordinal="1" offset="1" sl="43" sc="13" el="43" ec="37" bec="0" bev="0" fileid="4" />
                <SequencePoint vc="1" uspid="134" ordinal="2" offset="7" sl="44" sc="13" el="44" ec="57" bec="0" bev="0" fileid="4" />
                <SequencePoint vc="1" uspid="135" ordinal="3" offset="20" sl="45" sc="13" el="45" ec="35" bec="0" bev="0" fileid="4" />
                <SequencePoint vc="1" uspid="136" ordinal="4" offset="27" sl="46" sc="9" el="46" ec="10" bec="0" bev="0" fileid="4" />
              </SequencePoints>
              <BranchPoints />
              <MethodPoint xsi:type="SequencePoint" vc="1" uspid="132" ordinal="0" offset="0" sl="42" sc="9" el="42" ec="10" bec="0" bev="0" fileid="4" />
            </Method>
            <Method visited="true" cyclomaticComplexity="1" nPathComplexity="0" sequenceCoverage="100" branchCoverage="100" crapScore="1" isConstructor="false" isStatic="false" isGetter="false" isSetter="false">
              <Summary numSequencePoints="25" visitedSequencePoints="25" numBranchPoints="1" visitedBranchPoints="1" sequenceCoverage="100" branchCoverage="100" maxCyclomaticComplexity="1" minCyclomaticComplexity="1" maxCrapScore="1" minCrapScore="1" visitedClasses="0" numClasses="0" visitedMethods="1" numMethods="1" />
              <MetadataToken>100663323</MetadataToken>
              <Name>System.Void HETS1Design.SingleTestCaseTest::ReturnBoundaryTestCases_Test()</Name>
              <FileRef uid="4" />
              <SequencePoints>
                <SequencePoint vc="1" uspid="137" ordinal="0" offset="6" sl="62" sc="9" el="62" ec="10" bec="0" bev="0" fileid="4" />
                <SequencePoint vc="1" uspid="138" ordinal="1" offset="7" sl="64" sc="13" el="64" ec="49" bec="0" bev="0" fileid="4" />
                <SequencePoint vc="1" uspid="139" ordinal="2" offset="13" sl="65" sc="13" el="65" ec="78" bec="0" bev="0" fileid="4" />
                <SequencePoint vc="1" uspid="140" ordinal="3" offset="26" sl="70" sc="13" el="70" ec="72" bec="0" bev="0" fileid="4" />
                <SequencePoint vc="1" uspid="141" ordinal="4" offset="33" sl="71" sc="13" el="71" ec="45" bec="0" bev="0" fileid="4" />
                <SequencePoint vc="1" uspid="142" ordinal="5" offset="46" sl="72" sc="13" el="72" ec="52" bec="0" bev="0" fileid="4" />
                <SequencePoint vc="1" uspid="143" ordinal="6" offset="69" sl="73" sc="13" el="73" ec="52" bec="0" bev="0" fileid="4" />
                <SequencePoint vc="1" uspid="144" ordinal="7" offset="92" sl="74" sc="13" el="74" ec="53" bec="0" bev="0" fileid="4" />
                <SequencePoint vc="1" uspid="145" ordinal="8" offset="115" sl="75" sc="13" el="75" ec="53" bec="0" bev="0" fileid="4" />
                <SequencePoint vc="1" uspid="146" ordinal="9" offset="138" sl="76" sc="13" el="76" ec="53" bec="0" bev="0" fileid="4" />
                <SequencePoint vc="1" uspid="147" ordinal="10" offset="161" sl="78" sc="13" el="78" ec="43" bec="0" bev="0" fileid="4" />
                <SequencePoint vc="1" uspid="148" ordinal="11" offset="167" sl="79" sc="13" el="79" ec="78" bec="0" bev="0" fileid="4" />
                <SequencePoint vc="1" uspid="149" ordinal="12" offset="181" sl="80" sc="13" el="80" ec="72" bec="0" bev="0" fileid="4" />
                <SequencePoint vc="1" uspid="150" ordinal="13" offset="190" sl="81" sc="13" el="81" ec="45" bec="0" bev="0" fileid="4" />
                <SequencePoint vc="1" uspid="151" ordinal="14" offset="204" sl="82" sc="13" el="82" ec="53" bec="0" bev="0" fileid="4" />
                <SequencePoint vc="1" uspid="152" ordinal="15" offset="228" sl="84" sc="13" el="84" ec="43" bec="0" bev="0" fileid="4" />
                <SequencePoint vc="1" uspid="153" ordinal="16" offset="234" sl="85" sc="13" el="85" ec="78" bec="0" bev="0" fileid="4" />
                <SequencePoint vc="1" uspid="154" ordinal="17" offset="248" sl="86" sc="13" el="86" ec="72" bec="0" bev="0" fileid="4" />
                <SequencePoint vc="1" uspid="155" ordinal="18" offset="257" sl="87" sc="13" el="87" ec="45" bec="0" bev="0" fileid="4" />
                <SequencePoint vc="1" uspid="156" ordinal="19" offset="271" sl="88" sc="13" el="88" ec="53" bec="0" bev="0" fileid="4" />
                <SequencePoint vc="1" uspid="157" ordinal="20" offset="295" sl="89" sc="13" el="89" ec="53" bec="0" bev="0" fileid="4" />
                <SequencePoint vc="1" uspid="158" ordinal="21" offset="319" sl="91" sc="13" el="91" ec="43" bec="0" bev="0" fileid="4" />
                <SequencePoint vc="1" uspid="159" ordinal="22" offset="325" sl="92" sc="13" el="92" ec="78" bec="0" bev="0" fileid="4" />
                <SequencePoint vc="1" uspid="160" ordinal="23" offset="343" sl="93" sc="13" el="93" ec="91" bec="0" bev="0" fileid="4" />
                <SequencePoint vc="1" uspid="161" ordinal="24" offset="362" sl="94" sc="9" el="94" ec="10" bec="0" bev="0" fileid="4" />
              </SequencePoints>
              <BranchPoints />
              <MethodPoint vc="1" uspid="162" ordinal="0" offset="0" />
            </Method>
            <Method visited="true" cyclomaticComplexity="1" nPathComplexity="0" sequenceCoverage="100" branchCoverage="100" crapScore="1" isConstructor="false" isStatic="false" isGetter="false" isSetter="false">
              <Summary numSequencePoints="40" visitedSequencePoints="40" numBranchPoints="1" visitedBranchPoints="1" sequenceCoverage="100" branchCoverage="100" maxCyclomaticComplexity="1" minCyclomaticComplexity="1" maxCrapScore="1" minCrapScore="1" visitedClasses="0" numClasses="0" visitedMethods="1" numMethods="1" />
              <MetadataToken>100663324</MetadataToken>
              <Name>System.Void HETS1Design.SingleTestCaseTest::ReturnEPTestCases_Test()</Name>
              <FileRef uid="4" />
              <SequencePoints>
                <SequencePoint vc="1" uspid="163" ordinal="0" offset="6" sl="99" sc="9" el="99" ec="10" bec="0" bev="0" fileid="4" />
                <SequencePoint vc="1" uspid="164" ordinal="1" offset="7" sl="101" sc="13" el="101" ec="51" bec="0" bev="0" fileid="4" />
                <SequencePoint vc="1" uspid="165" ordinal="2" offset="13" sl="102" sc="13" el="102" ec="78" bec="0" bev="0" fileid="4" />
                <SequencePoint vc="1" uspid="166" ordinal="3" offset="26" sl="103" sc="13" el="103" ec="66" bec="0" bev="0" fileid="4" />
                <SequencePoint vc="1" uspid="167" ordinal="4" offset="33" sl="108" sc="13" el="108" ec="45" bec="0" bev="0" fileid="4" />
                <SequencePoint vc="1" uspid="168" ordinal="5" offset="46" sl="109" sc="13" el="109" ec="57" bec="0" bev="0" fileid="4" />
                <SequencePoint vc="1" uspid="169" ordinal="6" offset="69" sl="110" sc="13" el="110" ec="57" bec="0" bev="0" fileid="4" />
                <SequencePoint vc="1" uspid="170" ordinal="7" offset="92" sl="111" sc="13" el="111" ec="57" bec="0" bev="0" fileid="4" />
                <SequencePoint vc="1" uspid="171" ordinal="8" offset="115" sl="112" sc="13" el="112" ec="58" bec="0" bev="0" fileid="4" />
                <SequencePoint vc="1" uspid="172" ordinal="9" offset="138" sl="113" sc="13" el="113" ec="58" bec="0" bev="0" fileid="4" />
                <SequencePoint vc="1" uspid="173" ordinal="10" offset="161" sl="114" sc="13" el="114" ec="58" bec="0" bev="0" fileid="4" />
                <SequencePoint vc="1" uspid="174" ordinal="11" offset="184" sl="115" sc="13" el="115" ec="58" bec="0" bev="0" fileid="4" />
                <SequencePoint vc="1" uspid="175" ordinal="12" offset="207" sl="116" sc="13" el="116" ec="44" bec="0" bev="0" fileid="4" />
                <SequencePoint vc="1" uspid="176" ordinal="13" offset="225" sl="117" sc="13" el="117" ec="43" bec="0" bev="0" fileid="4" />
                <SequencePoint vc="1" uspid="177" ordinal="14" offset="243" sl="118" sc="13" el="118" ec="43" bec="0" bev="0" fileid="4" />
                <SequencePoint vc="1" uspid="178" ordinal="15" offset="261" sl="119" sc="13" el="119" ec="43" bec="0" bev="0" fileid="4" />
                <SequencePoint vc="1" uspid="179" ordinal="16" offset="279" sl="120" sc="13" el="120" ec="43" bec="0" bev="0" fileid="4" />
                <SequencePoint vc="1" uspid="180" ordinal="17" offset="297" sl="121" sc="13" el="121" ec="43" bec="0" bev="0" fileid="4" />
                <SequencePoint vc="1" uspid="181" ordinal="18" offset="315" sl="122" sc="13" el="122" ec="44" bec="0" bev="0" fileid="4" />
                <SequencePoint vc="1" uspid="182" ordinal="19" offset="333" sl="124" sc="13" el="124" ec="40" bec="0" bev="0" fileid="4" />
                <SequencePoint vc="1" uspid="183" ordinal="20" offset="339" sl="125" sc="13" el="125" ec="78" bec="0" bev="0" fileid="4" />
                <SequencePoint vc="1" uspid="184" ordinal="21" offset="353" sl="126" sc="13" el="126" ec="66" bec="0" bev="0" fileid="4" />
                <SequencePoint vc="1" uspid="185" ordinal="22" offset="362" sl="127" sc="13" el="127" ec="45" bec="0" bev="0" fileid="4" />
                <SequencePoint vc="1" uspid="186" ordinal="23" offset="376" sl="128" sc="13" el="128" ec="53" bec="0" bev="0" fileid="4" />
                <SequencePoint vc="1" uspid="187" ordinal="24" offset="400" sl="129" sc="13" el="129" ec="53" bec="0" bev="0" fileid="4" />
                <SequencePoint vc="1" uspid="188" ordinal="25" offset="424" sl="130" sc="13" el="130" ec="53" bec="0" bev="0" fileid="4" />
                <SequencePoint vc="1" uspid="189" ordinal="26" offset="448" sl="133" sc="13" el="133" ec="40" bec="0" bev="0" fileid="4" />
                <SequencePoint vc="1" uspid="190" ordinal="27" offset="454" sl="134" sc="13" el="134" ec="79" bec="0" bev="0" fileid="4" />
                <SequencePoint vc="1" uspid="191" ordinal="28" offset="468" sl="135" sc="13" el="135" ec="66" bec="0" bev="0" fileid="4" />
                <SequencePoint vc="1" uspid="192" ordinal="29" offset="477" sl="136" sc="13" el="136" ec="45" bec="0" bev="0" fileid="4" />
                <SequencePoint vc="1" uspid="193" ordinal="30" offset="491" sl="137" sc="13" el="137" ec="53" bec="0" bev="0" fileid="4" />
                <SequencePoint vc="1" uspid="194" ordinal="31" offset="515" sl="138" sc="13" el="138" ec="53" bec="0" bev="0" fileid="4" />
                <SequencePoint vc="1" uspid="195" ordinal="32" offset="539" sl="139" sc="13" el="139" ec="53" bec="0" bev="0" fileid="4" />
                <SequencePoint vc="1" uspid="196" ordinal="33" offset="563" sl="140" sc="13" el="140" ec="53" bec="0" bev="0" fileid="4" />
                <SequencePoint vc="1" uspid="197" ordinal="34" offset="587" sl="141" sc="13" el="141" ec="43" bec="0" bev="0" fileid="4" />
                <SequencePoint vc="1" uspid="198" ordinal="35" offset="606" sl="142" sc="13" el="142" ec="43" bec="0" bev="0" fileid="4" />
                <SequencePoint vc="1" uspid="199" ordinal="36" offset="625" sl="145" sc="13" el="145" ec="40" bec="0" bev="0" fileid="4" />
                <SequencePoint vc="1" uspid="200" ordinal="37" offset="631" sl="146" sc="13" el="146" ec="78" bec="0" bev="0" fileid="4" />
                <SequencePoint vc="1" uspid="201" ordinal="38" offset="649" sl="147" sc="13" el="147" ec="87" bec="0" bev="0" fileid="4" />
                <SequencePoint vc="1" uspid="202" ordinal="39" offset="668" sl="150" sc="9" el="150" ec="10" bec="0" bev="0" fileid="4" />
              </SequencePoints>
              <BranchPoints />
              <MethodPoint vc="1" uspid="203" ordinal="0" offset="0" />
            </Method>
            <Method visited="false" cyclomaticComplexity="1" nPathComplexity="0" sequenceCoverage="0" branchCoverage="0" crapScore="2" isConstructor="true" isStatic="false" isGetter="false" isSetter="false">
              <Summary numSequencePoints="0" visitedSequencePoints="0" numBranchPoints="0" visitedBranchPoints="0" sequenceCoverage="0" branchCoverage="0" maxCyclomaticComplexity="1" minCyclomaticComplexity="1" maxCrapScore="2" minCrapScore="2" visitedClasses="0" numClasses="0" visitedMethods="0" numMethods="0" />
              <MetadataToken>100663325</MetadataToken>
              <Name>System.Void HETS1Design.SingleTestCaseTest::.ctor()</Name>
              <SequencePoints />
              <BranchPoints />
              <MethodPoint vc="0" uspid="204" ordinal="0" offset="0" />
            </Method>
          </Methods>
        </Class>
        <Class>
          <Summary numSequencePoints="1" visitedSequencePoints="1" numBranchPoints="1" visitedBranchPoints="1" sequenceCoverage="100" branchCoverage="100" maxCyclomaticComplexity="1" minCyclomaticComplexity="1" maxCrapScore="2" minCrapScore="1" visitedClasses="1" numClasses="1" visitedMethods="1" numMethods="1" />
          <FullName>HETS1Design.SingleTestCaseTest/&lt;&gt;c__DisplayClass7_0</FullName>
          <Methods>
            <Method visited="false" cyclomaticComplexity="1" nPathComplexity="0" sequenceCoverage="0" branchCoverage="0" crapScore="2" isConstructor="true" isStatic="false" isGetter="false" isSetter="false">
              <Summary numSequencePoints="0" visitedSequencePoints="0" numBranchPoints="0" visitedBranchPoints="0" sequenceCoverage="0" branchCoverage="0" maxCyclomaticComplexity="1" minCyclomaticComplexity="1" maxCrapScore="2" minCrapScore="2" visitedClasses="0" numClasses="0" visitedMethods="0" numMethods="0" />
              <MetadataToken>100663371</MetadataToken>
              <Name>System.Void HETS1Design.SingleTestCaseTest/&lt;&gt;c__DisplayClass7_0::.ctor()</Name>
              <SequencePoints />
              <BranchPoints />
              <MethodPoint vc="0" uspid="205" ordinal="0" offset="0" />
            </Method>
            <Method visited="true" cyclomaticComplexity="1" nPathComplexity="0" sequenceCoverage="100" branchCoverage="100" crapScore="1" isConstructor="false" isStatic="false" isGetter="false" isSetter="false">
              <Summary numSequencePoints="1" visitedSequencePoints="1" numBranchPoints="1" visitedBranchPoints="1" sequenceCoverage="100" branchCoverage="100" maxCyclomaticComplexity="1" minCyclomaticComplexity="1" maxCrapScore="1" minCrapScore="1" visitedClasses="0" numClasses="0" visitedMethods="1" numMethods="1" />
              <MetadataToken>100663372</MetadataToken>
              <Name>System.Object HETS1Design.SingleTestCaseTest/&lt;&gt;c__DisplayClass7_0::&lt;ReturnBoundaryTestCases_Test&gt;b__0()</Name>
              <FileRef uid="4" />
              <SequencePoints>
                <SequencePoint vc="1" uspid="206" ordinal="0" offset="0" sl="93" sc="60" el="93" ec="89" bec="0" bev="0" fileid="4" />
              </SequencePoints>
              <BranchPoints />
              <MethodPoint xsi:type="SequencePoint" vc="1" uspid="206" ordinal="0" offset="0" sl="93" sc="60" el="93" ec="89" bec="0" bev="0" fileid="4" />
            </Method>
          </Methods>
        </Class>
        <Class>
          <Summary numSequencePoints="1" visitedSequencePoints="1" numBranchPoints="1" visitedBranchPoints="1" sequenceCoverage="100" branchCoverage="100" maxCyclomaticComplexity="1" minCyclomaticComplexity="1" maxCrapScore="2" minCrapScore="1" visitedClasses="1" numClasses="1" visitedMethods="1" numMethods="1" />
          <FullName>HETS1Design.SingleTestCaseTest/&lt;&gt;c__DisplayClass8_0</FullName>
          <Methods>
            <Method visited="false" cyclomaticComplexity="1" nPathComplexity="0" sequenceCoverage="0" branchCoverage="0" crapScore="2" isConstructor="true" isStatic="false" isGetter="false" isSetter="false">
              <Summary numSequencePoints="0" visitedSequencePoints="0" numBranchPoints="0" visitedBranchPoints="0" sequenceCoverage="0" branchCoverage="0" maxCyclomaticComplexity="1" minCyclomaticComplexity="1" maxCrapScore="2" minCrapScore="2" visitedClasses="0" numClasses="0" visitedMethods="0" numMethods="0" />
              <MetadataToken>100663373</MetadataToken>
              <Name>System.Void HETS1Design.SingleTestCaseTest/&lt;&gt;c__DisplayClass8_0::.ctor()</Name>
              <SequencePoints />
              <BranchPoints />
              <MethodPoint vc="0" uspid="207" ordinal="0" offset="0" />
            </Method>
            <Method visited="true" cyclomaticComplexity="1" nPathComplexity="0" sequenceCoverage="100" branchCoverage="100" crapScore="1" isConstructor="false" isStatic="false" isGetter="false" isSetter="false">
              <Summary numSequencePoints="1" visitedSequencePoints="1" numBranchPoints="1" visitedBranchPoints="1" sequenceCoverage="100" branchCoverage="100" maxCyclomaticComplexity="1" minCyclomaticComplexity="1" maxCrapScore="1" minCrapScore="1" visitedClasses="0" numClasses="0" visitedMethods="1" numMethods="1" />
              <MetadataToken>100663374</MetadataToken>
              <Name>System.Object HETS1Design.SingleTestCaseTest/&lt;&gt;c__DisplayClass8_0::&lt;ReturnEPTestCases_Test&gt;b__0()</Name>
              <FileRef uid="4" />
              <SequencePoints>
                <SequencePoint vc="1" uspid="208" ordinal="0" offset="0" sl="147" sc="62" el="147" ec="85" bec="0" bev="0" fileid="4" />
              </SequencePoints>
              <BranchPoints />
              <MethodPoint xsi:type="SequencePoint" vc="1" uspid="208" ordinal="0" offset="0" sl="147" sc="62" el="147" ec="85" bec="0" bev="0" fileid="4" />
            </Method>
          </Methods>
        </Class>
        <Class>
          <Summary numSequencePoints="48" visitedSequencePoints="46" numBranchPoints="7" visitedBranchPoints="7" sequenceCoverage="95.83" branchCoverage="100" maxCyclomaticComplexity="1" minCyclomaticComplexity="1" maxCrapScore="2" minCrapScore="1" visitedClasses="1" numClasses="1" visitedMethods="7" numMethods="7" />
          <FullName>HETS1Design.SubmissionsTest</FullName>
          <Methods>
            <Method visited="true" cyclomaticComplexity="1" nPathComplexity="0" sequenceCoverage="100" branchCoverage="100" crapScore="1" isConstructor="false" isStatic="false" isGetter="false" isSetter="false">
              <Summary numSequencePoints="7" visitedSequencePoints="7" numBranchPoints="1" visitedBranchPoints="1" sequenceCoverage="100" branchCoverage="100" maxCyclomaticComplexity="1" minCyclomaticComplexity="1" maxCrapScore="1" minCrapScore="1" visitedClasses="0" numClasses="0" visitedMethods="1" numMethods="1" />
              <MetadataToken>100663326</MetadataToken>
              <Name>System.Void HETS1Design.SubmissionsTest::Initialize()</Name>
              <FileRef uid="7" />
              <SequencePoints>
                <SequencePoint vc="5" uspid="209" ordinal="0" offset="0" sl="16" sc="9" el="16" ec="10" bec="0" bev="0" fileid="7" />
                <SequencePoint vc="5" uspid="210" ordinal="1" offset="1" sl="17" sc="13" el="17" ec="44" bec="0" bev="0" fileid="7" />
                <SequencePoint vc="5" uspid="211" ordinal="2" offset="7" sl="18" sc="13" el="18" ec="40" bec="0" bev="0" fileid="7" />
                <SequencePoint vc="5" uspid="212" ordinal="3" offset="13" sl="19" sc="13" el="19" ec="48" bec="0" bev="0" fileid="7" />
                <SequencePoint vc="5" uspid="213" ordinal="4" offset="29" sl="20" sc="13" el="20" ec="89" bec="0" bev="0" fileid="7" />
                <SequencePoint vc="5" uspid="214" ordinal="5" offset="46" sl="21" sc="13" el="21" ec="45" bec="0" bev="0" fileid="7" />
                <SequencePoint vc="5" uspid="215" ordinal="6" offset="63" sl="22" sc="9" el="22" ec="10" bec="0" bev="0" fileid="7" />
              </SequencePoints>
              <BranchPoints />
              <MethodPoint xsi:type="SequencePoint" vc="5" uspid="209" ordinal="0" offset="0" sl="16" sc="9" el="16" ec="10" bec="0" bev="0" fileid="7" />
            </Method>
            <Method visited="true" cyclomaticComplexity="1" nPathComplexity="0" sequenceCoverage="60" branchCoverage="100" crapScore="1.06" isConstructor="false" isStatic="false" isGetter="false" isSetter="false">
              <Summary numSequencePoints="5" visitedSequencePoints="3" numBranchPoints="1" visitedBranchPoints="1" sequenceCoverage="60" branchCoverage="100" maxCyclomaticComplexity="1" minCyclomaticComplexity="1" maxCrapScore="1.06" minCrapScore="1.06" visitedClasses="0" numClasses="0" visitedMethods="1" numMethods="1" />
              <MetadataToken>100663327</MetadataToken>
              <Name>System.Void HETS1Design.SubmissionsTest::ActivateCompilation_Finished()</Name>
              <FileRef uid="7" />
              <SequencePoints>
                <SequencePoint vc="1" uspid="216" ordinal="0" offset="0" sl="26" sc="9" el="26" ec="10" bec="0" bev="0" fileid="7" />
                <SequencePoint vc="1" uspid="217" ordinal="1" offset="1" sl="27" sc="13" el="27" ec="78" bec="0" bev="0" fileid="7" />
                <SequencePoint vc="1" uspid="218" ordinal="2" offset="7" sl="28" sc="13" el="28" ec="61" bec="0" bev="0" fileid="7" />
                <SequencePoint vc="0" uspid="219" ordinal="3" offset="14" sl="29" sc="13" el="29" ec="35" bec="0" bev="0" fileid="7" />
                <SequencePoint vc="0" uspid="220" ordinal="4" offset="21" sl="30" sc="9" el="30" ec="10" bec="0" bev="0" fileid="7" />
              </SequencePoints>
              <BranchPoints />
              <MethodPoint xsi:type="SequencePoint" vc="1" uspid="216" ordinal="0" offset="0" sl="26" sc="9" el="26" ec="10" bec="0" bev="0" fileid="7" />
            </Method>
            <Method visited="true" cyclomaticComplexity="1" nPathComplexity="0" sequenceCoverage="100" branchCoverage="100" crapScore="1" isConstructor="false" isStatic="false" isGetter="false" isSetter="false">
              <Summary numSequencePoints="5" visitedSequencePoints="5" numBranchPoints="1" visitedBranchPoints="1" sequenceCoverage="100" branchCoverage="100" maxCyclomaticComplexity="1" minCyclomaticComplexity="1" maxCrapScore="1" minCrapScore="1" visitedClasses="0" numClasses="0" visitedMethods="1" numMethods="1" />
              <MetadataToken>100663328</MetadataToken>
              <Name>System.Void HETS1Design.SubmissionsTest::ActivateExecution_Finished()</Name>
              <FileRef uid="7" />
              <SequencePoints>
                <SequencePoint vc="1" uspid="221" ordinal="0" offset="0" sl="34" sc="9" el="34" ec="10" bec="0" bev="0" fileid="7" />
                <SequencePoint vc="1" uspid="222" ordinal="1" offset="1" sl="35" sc="13" el="35" ec="79" bec="0" bev="0" fileid="7" />
                <SequencePoint vc="1" uspid="223" ordinal="2" offset="7" sl="36" sc="13" el="36" ec="59" bec="0" bev="0" fileid="7" />
                <SequencePoint vc="1" uspid="224" ordinal="3" offset="14" sl="37" sc="13" el="37" ec="35" bec="0" bev="0" fileid="7" />
                <SequencePoint vc="1" uspid="225" ordinal="4" offset="21" sl="38" sc="9" el="38" ec="10" bec="0" bev="0" fileid="7" />
              </SequencePoints>
              <BranchPoints />
              <MethodPoint xsi:type="SequencePoint" vc="1" uspid="221" ordinal="0" offset="0" sl="34" sc="9" el="34" ec="10" bec="0" bev="0" fileid="7" />
            </Method>
            <Method visited="true" cyclomaticComplexity="1" nPathComplexity="0" sequenceCoverage="100" branchCoverage="100" crapScore="1" isConstructor="false" isStatic="false" isGetter="false" isSetter="false">
              <Summary numSequencePoints="13" visitedSequencePoints="13" numBranchPoints="1" visitedBranchPoints="1" sequenceCoverage="100" branchCoverage="100" maxCyclomaticComplexity="1" minCyclomaticComplexity="1" maxCrapScore="1" minCrapScore="1" visitedClasses="0" numClasses="0" visitedMethods="1" numMethods="1" />
              <MetadataToken>100663329</MetadataToken>
              <Name>System.Void HETS1Design.SubmissionsTest::ActivateGradingFinished()</Name>
              <FileRef uid="7" />
              <SequencePoints>
                <SequencePoint vc="1" uspid="226" ordinal="0" offset="0" sl="42" sc="9" el="42" ec="10" bec="0" bev="0" fileid="7" />
                <SequencePoint vc="1" uspid="227" ordinal="1" offset="1" sl="43" sc="13" el="43" ec="56" bec="0" bev="0" fileid="7" />
                <SequencePoint vc="1" uspid="228" ordinal="2" offset="7" sl="44" sc="13" el="44" ec="54" bec="0" bev="0" fileid="7" />
                <SequencePoint vc="1" uspid="229" ordinal="3" offset="13" sl="45" sc="13" el="45" ec="76" bec="0" bev="0" fileid="7" />
                <SequencePoint vc="1" uspid="230" ordinal="4" offset="19" sl="47" sc="13" el="47" ec="42" bec="0" bev="0" fileid="7" />
                <SequencePoint vc="1" uspid="231" ordinal="5" offset="26" sl="48" sc="13" el="48" ec="39" bec="0" bev="0" fileid="7" />
                <SequencePoint vc="1" uspid="232" ordinal="6" offset="32" sl="49" sc="13" el="49" ec="50" bec="0" bev="0" fileid="7" />
                <SequencePoint vc="1" uspid="233" ordinal="7" offset="38" sl="51" sc="13" el="51" ec="43" bec="0" bev="0" fileid="7" />
                <SequencePoint vc="1" uspid="234" ordinal="8" offset="44" sl="53" sc="13" el="53" ec="137" bec="0" bev="0" fileid="7" />
                <SequencePoint vc="1" uspid="235" ordinal="9" offset="87" sl="56" sc="13" el="56" ec="52" bec="0" bev="0" fileid="7" />
                <SequencePoint vc="1" uspid="236" ordinal="10" offset="93" sl="57" sc="13" el="57" ec="50" bec="0" bev="0" fileid="7" />
                <SequencePoint vc="1" uspid="237" ordinal="11" offset="99" sl="58" sc="13" el="58" ec="72" bec="0" bev="0" fileid="7" />
                <SequencePoint vc="1" uspid="238" ordinal="12" offset="105" sl="59" sc="9" el="59" ec="10" bec="0" bev="0" fileid="7" />
              </SequencePoints>
              <BranchPoints />
              <MethodPoint xsi:type="SequencePoint" vc="1" uspid="226" ordinal="0" offset="0" sl="42" sc="9" el="42" ec="10" bec="0" bev="0" fileid="7" />
            </Method>
            <Method visited="true" cyclomaticComplexity="1" nPathComplexity="0" sequenceCoverage="100" branchCoverage="100" crapScore="1" isConstructor="false" isStatic="false" isGetter="false" isSetter="false">
              <Summary numSequencePoints="9" visitedSequencePoints="9" numBranchPoints="1" visitedBranchPoints="1" sequenceCoverage="100" branchCoverage="100" maxCyclomaticComplexity="1" minCyclomaticComplexity="1" maxCrapScore="1" minCrapScore="1" visitedClasses="0" numClasses="0" visitedMethods="1" numMethods="1" />
              <MetadataToken>100663330</MetadataToken>
              <Name>System.Void HETS1Design.SubmissionsTest::SaveDetailedResultTest()</Name>
              <FileRef uid="7" />
              <SequencePoints>
                <SequencePoint vc="1" uspid="239" ordinal="0" offset="0" sl="63" sc="9" el="63" ec="10" bec="0" bev="0" fileid="7" />
                <SequencePoint vc="1" uspid="240" ordinal="1" offset="1" sl="64" sc="13" el="64" ec="116" bec="0" bev="0" fileid="7" />
                <SequencePoint vc="1" uspid="241" ordinal="2" offset="12" sl="65" sc="13" el="65" ec="122" bec="0" bev="0" fileid="7" />
                <SequencePoint vc="1" uspid="242" ordinal="3" offset="18" sl="66" sc="13" el="66" ec="78" bec="0" bev="0" fileid="7" />
                <SequencePoint vc="1" uspid="243" ordinal="4" offset="25" sl="67" sc="13" el="67" ec="51" bec="0" bev="0" fileid="7" />
                <SequencePoint vc="1" uspid="244" ordinal="5" offset="32" sl="69" sc="13" el="69" ec="101" bec="0" bev="0" fileid="7" />
                <SequencePoint vc="1" uspid="245" ordinal="6" offset="65" sl="70" sc="13" el="70" ec="59" bec="0" bev="0" fileid="7" />
                <SequencePoint vc="1" uspid="246" ordinal="7" offset="72" sl="71" sc="13" el="71" ec="42" bec="0" bev="0" fileid="7" />
                <SequencePoint vc="1" uspid="247" ordinal="8" offset="79" sl="74" sc="9" el="74" ec="10" bec="0" bev="0" fileid="7" />
              </SequencePoints>
              <BranchPoints />
              <MethodPoint xsi:type="SequencePoint" vc="1" uspid="239" ordinal="0" offset="0" sl="63" sc="9" el="63" ec="10" bec="0" bev="0" fileid="7" />
            </Method>
            <Method visited="true" cyclomaticComplexity="1" nPathComplexity="0" sequenceCoverage="100" branchCoverage="100" crapScore="1" isConstructor="false" isStatic="false" isGetter="false" isSetter="false">
              <Summary numSequencePoints="5" visitedSequencePoints="5" numBranchPoints="1" visitedBranchPoints="1" sequenceCoverage="100" branchCoverage="100" maxCyclomaticComplexity="1" minCyclomaticComplexity="1" maxCrapScore="1" minCrapScore="1" visitedClasses="0" numClasses="0" visitedMethods="1" numMethods="1" />
              <MetadataToken>100663331</MetadataToken>
              <Name>System.Void HETS1Design.SubmissionsTest::ResetSubmissionsTest()</Name>
              <FileRef uid="7" />
              <SequencePoints>
                <SequencePoint vc="1" uspid="248" ordinal="0" offset="0" sl="78" sc="9" el="78" ec="10" bec="0" bev="0" fileid="7" />
                <SequencePoint vc="1" uspid="249" ordinal="1" offset="1" sl="79" sc="13" el="79" ec="63" bec="0" bev="0" fileid="7" />
                <SequencePoint vc="1" uspid="250" ordinal="2" offset="18" sl="80" sc="13" el="80" ec="44" bec="0" bev="0" fileid="7" />
                <SequencePoint vc="1" uspid="251" ordinal="3" offset="24" sl="81" sc="13" el="81" ec="63" bec="0" bev="0" fileid="7" />
                <SequencePoint vc="1" uspid="252" ordinal="4" offset="41" sl="82" sc="9" el="82" ec="10" bec="0" bev="0" fileid="7" />
              </SequencePoints>
              <BranchPoints />
              <MethodPoint xsi:type="SequencePoint" vc="1" uspid="248" ordinal="0" offset="0" sl="78" sc="9" el="78" ec="10" bec="0" bev="0" fileid="7" />
            </Method>
            <Method visited="true" cyclomaticComplexity="1" nPathComplexity="0" sequenceCoverage="100" branchCoverage="100" crapScore="1" isConstructor="false" isStatic="false" isGetter="false" isSetter="false">
              <Summary numSequencePoints="4" visitedSequencePoints="4" numBranchPoints="1" visitedBranchPoints="1" sequenceCoverage="100" branchCoverage="100" maxCyclomaticComplexity="1" minCyclomaticComplexity="1" maxCrapScore="1" minCrapScore="1" visitedClasses="0" numClasses="0" visitedMethods="1" numMethods="1" />
              <MetadataToken>100663332</MetadataToken>
              <Name>System.Void HETS1Design.SubmissionsTest::TestCleanup()</Name>
              <FileRef uid="7" />
              <SequencePoints>
                <SequencePoint vc="5" uspid="253" ordinal="0" offset="0" sl="88" sc="9" el="88" ec="10" bec="0" bev="0" fileid="7" />
                <SequencePoint vc="5" uspid="254" ordinal="1" offset="1" sl="89" sc="13" el="89" ec="44" bec="0" bev="0" fileid="7" />
                <SequencePoint vc="5" uspid="255" ordinal="2" offset="7" sl="90" sc="13" el="90" ec="40" bec="0" bev="0" fileid="7" />
                <SequencePoint vc="5" uspid="256" ordinal="3" offset="13" sl="91" sc="9" el="91" ec="10" bec="0" bev="0" fileid="7" />
              </SequencePoints>
              <BranchPoints />
              <MethodPoint xsi:type="SequencePoint" vc="5" uspid="253" ordinal="0" offset="0" sl="88" sc="9" el="88" ec="10" bec="0" bev="0" fileid="7" />
            </Method>
            <Method visited="false" cyclomaticComplexity="1" nPathComplexity="0" sequenceCoverage="0" branchCoverage="0" crapScore="2" isConstructor="true" isStatic="false" isGetter="false" isSetter="false">
              <Summary numSequencePoints="0" visitedSequencePoints="0" numBranchPoints="0" visitedBranchPoints="0" sequenceCoverage="0" branchCoverage="0" maxCyclomaticComplexity="1" minCyclomaticComplexity="1" maxCrapScore="2" minCrapScore="2" visitedClasses="0" numClasses="0" visitedMethods="0" numMethods="0" />
              <MetadataToken>100663333</MetadataToken>
              <Name>System.Void HETS1Design.SubmissionsTest::.ctor()</Name>
              <SequencePoints />
              <BranchPoints />
              <MethodPoint vc="0" uspid="257" ordinal="0" offset="0" />
            </Method>
          </Methods>
        </Class>
        <Class>
          <Summary numSequencePoints="90" visitedSequencePoints="8" numBranchPoints="17" visitedBranchPoints="2" sequenceCoverage="8.89" branchCoverage="11.76" maxCyclomaticComplexity="1" minCyclomaticComplexity="1" maxCrapScore="2" minCrapScore="1" visitedClasses="1" numClasses="1" visitedMethods="2" numMethods="17" />
          <FullName>HETS1Design.TestCasesTest</FullName>
          <Methods>
            <Method visited="true" cyclomaticComplexity="1" nPathComplexity="0" sequenceCoverage="66.67" branchCoverage="100" crapScore="1.04" isConstructor="false" isStatic="false" isGetter="false" isSetter="false">
              <Summary numSequencePoints="6" visitedSequencePoints="4" numBranchPoints="1" visitedBranchPoints="1" sequenceCoverage="66.67" branchCoverage="100" maxCyclomaticComplexity="1" minCyclomaticComplexity="1" maxCrapScore="1.04" minCrapScore="1.04" visitedClasses="0" numClasses="0" visitedMethods="1" numMethods="1" />
              <MetadataToken>100663334</MetadataToken>
[...]
                <SequencePoint vc="0" uspid="1937" ordinal="47" offset="695" sl="109" sc="25" el="109" ec="62" bec="0" bev="0" fileid="43" />
                <SequencePoint vc="0" uspid="1938" ordinal="48" offset="705" sl="110" sc="25" el="110" ec="64" bec="0" bev="0" fileid="43" />
                <SequencePoint vc="0" uspid="1939" ordinal="49" offset="714" sl="111" sc="25" el="111" ec="51" bec="0" bev="0" fileid="43" />
                <SequencePoint vc="0" uspid="1940" ordinal="50" offset="722" sl="112" sc="21" el="112" ec="22" bec="0" bev="0" fileid="43" />
                <SequencePoint vc="0" uspid="1941" ordinal="51" offset="723" sl="114" sc="17" el="114" ec="18" bec="0" bev="0" fileid="43" />
                <SequencePoint vc="0" uspid="1942" ordinal="52" offset="724" sl="57" sc="51" el="57" ec="53" bec="0" bev="0" fileid="43" />
                <SequencePoint vc="0" uspid="1943" ordinal="53" offset="751" sl="116" sc="17" el="116" ec="31" bec="0" bev="0" fileid="43" />
                <SequencePoint vc="0" uspid="1944" ordinal="54" offset="758" sl="117" sc="13" el="117" ec="14" bec="0" bev="0" fileid="43" />
                <SequencePoint vc="1" uspid="1945" ordinal="55" offset="761" sl="120" sc="13" el="120" ec="14" bec="0" bev="0" fileid="43" />
                <SequencePoint vc="1" uspid="1946" ordinal="56" offset="762" sl="121" sc="17" el="121" ec="60" bec="0" bev="0" fileid="43" />
                <SequencePoint vc="1" uspid="1947" ordinal="57" offset="770" sl="122" sc="17" el="122" ec="53" bec="0" bev="0" fileid="43" />
                <SequencePoint vc="1" uspid="1948" ordinal="58" offset="777" sl="124" sc="17" el="124" ec="121" bec="0" bev="0" fileid="43" />
                <SequencePoint vc="1" uspid="1949" ordinal="59" offset="829" sl="127" sc="17" el="127" ec="48" bec="2" bev="1" fileid="43" />
                <SequencePoint vc="1" uspid="1950" ordinal="60" offset="842" sl="128" sc="17" el="128" ec="18" bec="0" bev="0" fileid="43" />
                <SequencePoint vc="1" uspid="1951" ordinal="61" offset="843" sl="129" sc="21" el="129" ec="54" bec="0" bev="0" fileid="43" />
                <SequencePoint vc="1" uspid="1952" ordinal="62" offset="852" sl="130" sc="17" el="130" ec="18" bec="0" bev="0" fileid="43" />
                <SequencePoint vc="1" uspid="1953" ordinal="63" offset="853" sl="132" sc="17" el="132" ec="53" bec="0" bev="0" fileid="43" />
                <SequencePoint vc="1" uspid="1954" ordinal="64" offset="861" sl="133" sc="17" el="133" ec="53" bec="0" bev="0" fileid="43" />
                <SequencePoint vc="1" uspid="1955" ordinal="65" offset="871" sl="135" sc="13" el="135" ec="14" bec="0" bev="0" fileid="43" />
                <SequencePoint vc="1" uspid="1956" ordinal="66" offset="872" sl="138" sc="9" el="138" ec="10" bec="0" bev="0" fileid="43" />
              </SequencePoints>
              <BranchPoints>
                <BranchPoint vc="1" uspid="1957" ordinal="0" offset="19" sl="24" path="0" offsetend="24" fileid="43" />
                <BranchPoint vc="1" uspid="1958" ordinal="1" offset="19" sl="24" path="1" offsetend="761" fileid="43" />
                <BranchPoint vc="0" uspid="1959" ordinal="2" offset="54" sl="33" path="0" offsetend="56" fileid="43" />
                <BranchPoint vc="0" uspid="1960" ordinal="3" offset="54" sl="33" path="1" offsetend="64" fileid="43" />
                <BranchPoint vc="0" uspid="1961" ordinal="4" offset="123" sl="43" path="0" offsetend="125" fileid="43" />
                <BranchPoint vc="0" uspid="1962" ordinal="5" offset="123" sl="43" path="1" offsetend="135" fileid="43" />
                <BranchPoint vc="0" uspid="1963" ordinal="6" offset="154" sl="51" path="0" offsetend="156" fileid="43" />
                <BranchPoint vc="0" uspid="1964" ordinal="7" offset="154" sl="51" path="1" offsetend="179" fileid="43" />
                <BranchPoint vc="0" uspid="1965" ordinal="8" offset="250" sl="62" path="0" offsetend="252" fileid="43" />
                <BranchPoint vc="0" uspid="1966" ordinal="9" offset="250" sl="62" path="1" offsetend="373" fileid="43" />
                <BranchPoint vc="0" uspid="1967" ordinal="10" offset="303" sl="71" path="0" offsetend="305" fileid="43" />
                <BranchPoint vc="0" uspid="1968" ordinal="11" offset="303" sl="71" path="1" offsetend="323" fileid="43" />
                <BranchPoint vc="0" uspid="1969" ordinal="12" offset="352" sl="74" path="0" offsetend="354" fileid="43" />
                <BranchPoint vc="0" uspid="1970" ordinal="13" offset="352" sl="74" path="1" offsetend="372" fileid="43" />
                <BranchPoint vc="0" uspid="1971" ordinal="14" offset="419" sl="81" path="0" offsetend="421" fileid="43" />
                <BranchPoint vc="0" uspid="1972" ordinal="15" offset="419" sl="81" path="1" offsetend="435" fileid="43" />
                <BranchPoint vc="0" uspid="1973" ordinal="16" offset="440" sl="81" path="0" offsetend="442" fileid="43" />
                <BranchPoint vc="0" uspid="1974" ordinal="17" offset="440" sl="81" path="1" offsetend="498" fileid="43" />
                <BranchPoint vc="0" uspid="1975" ordinal="18" offset="548" sl="94" path="0" offsetend="550" fileid="43" />
                <BranchPoint vc="0" uspid="1976" ordinal="19" offset="548" sl="94" path="1" offsetend="650" fileid="43" />
                <BranchPoint vc="0" uspid="1977" ordinal="20" offset="575" sl="96" path="0" offsetend="577" fileid="43" />
                <BranchPoint vc="0" uspid="1978" ordinal="21" offset="575" sl="96" path="1" offsetend="595" fileid="43" />
                <BranchPoint vc="0" uspid="1979" ordinal="22" offset="666" sl="106" path="0" offsetend="668" fileid="43" />
                <BranchPoint vc="0" uspid="1980" ordinal="23" offset="666" sl="106" path="1" offsetend="723" fileid="43" />
                <BranchPoint vc="1" uspid="1983" ordinal="26" offset="840" sl="127" path="0" offsetend="842" fileid="43" />
                <BranchPoint vc="0" uspid="1984" ordinal="27" offset="840" sl="127" path="1" offsetend="853" fileid="43" />
              </BranchPoints>
              <MethodPoint xsi:type="SequencePoint" vc="2" uspid="1890" ordinal="0" offset="0" sl="22" sc="9" el="22" ec="10" bec="0" bev="0" fileid="43" />
            </Method>
            <Method visited="true" cyclomaticComplexity="13" nPathComplexity="1024" sequenceCoverage="29.79" branchCoverage="9.52" crapScore="71.49" isConstructor="false" isStatic="true" isGetter="false" isSetter="false">
              <Summary numSequencePoints="47" visitedSequencePoints="14" numBranchPoints="21" visitedBranchPoints="2" sequenceCoverage="29.79" branchCoverage="9.52" maxCyclomaticComplexity="13" minCyclomaticComplexity="13" maxCrapScore="71.49" minCrapScore="71.49" visitedClasses="0" numClasses="0" visitedMethods="1" numMethods="1" />
              <MetadataToken>100663450</MetadataToken>
              <Name>System.Void HETS1Design.ZipArchiveHandler::ProcessDirectory(System.String,System.String)</Name>
              <FileRef uid="43" />
              <SequencePoints>
                <SequencePoint vc="1" uspid="1985" ordinal="0" offset="0" sl="142" sc="9" el="142" ec="10" bec="0" bev="0" fileid="43" />
                <SequencePoint vc="1" uspid="1986" ordinal="1" offset="1" sl="144" sc="13" el="144" ec="60" bec="0" bev="0" fileid="43" />
                <SequencePoint vc="1" uspid="1987" ordinal="2" offset="8" sl="145" sc="13" el="145" ec="20" bec="0" bev="0" fileid="43" />
                <SequencePoint vc="1" uspid="1988" ordinal="3" offset="9" sl="145" sc="37" el="145" ec="48" bec="0" bev="0" fileid="43" />
                <SequencePoint vc="0" uspid="1989" ordinal="4" offset="18" sl="145" sc="22" el="145" ec="33" bec="0" bev="0" fileid="43" />
                <SequencePoint vc="0" uspid="1990" ordinal="5" offset="23" sl="146" sc="13" el="146" ec="14" bec="0" bev="0" fileid="43" />
                <SequencePoint vc="0" uspid="1991" ordinal="6" offset="24" sl="149" sc="17" el="149" ec="56" bec="2" bev="0" fileid="43" />
                <SequencePoint vc="0" uspid="1992" ordinal="7" offset="43" sl="150" sc="21" el="150" ec="76" bec="0" bev="0" fileid="43" />
                <SequencePoint vc="0" uspid="1993" ordinal="8" offset="60" sl="152" sc="17" el="152" ec="78" bec="2" bev="0" fileid="43" />
                <SequencePoint vc="0" uspid="1994" ordinal="9" offset="90" sl="153" sc="21" el="153" ec="76" bec="0" bev="0" fileid="43" />
                <SequencePoint vc="0" uspid="1995" ordinal="10" offset="107" sl="155" sc="17" el="155" ec="64" bec="4" bev="0" fileid="43" />
                <SequencePoint vc="0" uspid="1996" ordinal="11" offset="142" sl="156" sc="17" el="156" ec="18" bec="0" bev="0" fileid="43" />
                <SequencePoint vc="0" uspid="1997" ordinal="12" offset="143" sl="157" sc="21" el="157" ec="82" bec="0" bev="0" fileid="43" />
                <SequencePoint vc="0" uspid="1998" ordinal="13" offset="158" sl="158" sc="21" el="158" ec="53" bec="0" bev="0" fileid="43" />
                <SequencePoint vc="0" uspid="1999" ordinal="14" offset="169" sl="159" sc="21" el="159" ec="70" bec="0" bev="0" fileid="43" />
                <SequencePoint vc="0" uspid="2000" ordinal="15" offset="187" sl="161" sc="17" el="161" ec="18" bec="0" bev="0" fileid="43" />
                <SequencePoint vc="0" uspid="2001" ordinal="16" offset="188" sl="162" sc="17" el="162" ec="43" bec="2" bev="0" fileid="43" />
                <SequencePoint vc="0" uspid="2002" ordinal="17" offset="206" sl="163" sc="17" el="163" ec="18" bec="0" bev="0" fileid="43" />
                <SequencePoint vc="0" uspid="2003" ordinal="18" offset="207" sl="164" sc="21" el="164" ec="62" bec="2" bev="0" fileid="43" />
                <SequencePoint vc="0" uspid="2004" ordinal="19" offset="232" sl="165" sc="25" el="165" ec="68" bec="0" bev="0" fileid="43" />
                <SequencePoint vc="0" uspid="2005" ordinal="20" offset="249" sl="167" sc="21" el="167" ec="79" bec="0" bev="0" fileid="43" />
                <SequencePoint vc="0" uspid="2006" ordinal="21" offset="269" sl="168" sc="21" el="168" ec="52" bec="0" bev="0" fileid="43" />
                <SequencePoint vc="0" uspid="2007" ordinal="22" offset="280" sl="169" sc="21" el="169" ec="68" bec="0" bev="0" fileid="43" />
                <SequencePoint vc="0" uspid="2008" ordinal="23" offset="298" sl="170" sc="17" el="170" ec="18" bec="0" bev="0" fileid="43" />
                <SequencePoint vc="0" uspid="2009" ordinal="24" offset="299" sl="171" sc="13" el="171" ec="14" bec="0" bev="0" fileid="43" />
                <SequencePoint vc="1" uspid="2010" ordinal="25" offset="304" sl="145" sc="34" el="145" ec="36" bec="0" bev="0" fileid="43" />
                <SequencePoint vc="1" uspid="2011" ordinal="26" offset="313" sl="174" sc="13" el="174" ec="61" bec="0" bev="0" fileid="43" />
                <SequencePoint vc="1" uspid="2012" ordinal="27" offset="320" sl="175" sc="13" el="175" ec="20" bec="0" bev="0" fileid="43" />
                <SequencePoint vc="1" uspid="2013" ordinal="28" offset="321" sl="175" sc="36" el="175" ec="42" bec="0" bev="0" fileid="43" />
                <SequencePoint vc="1" uspid="2014" ordinal="29" offset="332" sl="175" sc="22" el="175" ec="32" bec="0" bev="0" fileid="43" />
                <SequencePoint vc="1" uspid="2015" ordinal="30" offset="339" sl="176" sc="13" el="176" ec="14" bec="0" bev="0" fileid="43" />
                <SequencePoint vc="1" uspid="2016" ordinal="31" offset="340" sl="177" sc="17" el="177" ec="69" bec="2" bev="1" fileid="43" />
                <SequencePoint vc="0" uspid="2017" ordinal="32" offset="369" sl="178" sc="17" el="178" ec="18" bec="0" bev="0" fileid="43" />
                <SequencePoint vc="0" uspid="2018" ordinal="33" offset="370" sl="179" sc="21" el="179" ec="80" bec="0" bev="0" fileid="43" />
                <SequencePoint vc="0" uspid="2019" ordinal="34" offset="395" sl="180" sc="21" el="180" ec="54" bec="2" bev="0" fileid="43" />
                <SequencePoint vc="0" uspid="2020" ordinal="35" offset="411" sl="181" sc="21" el="181" ec="22" bec="0" bev="0" fileid="43" />
                <SequencePoint vc="0" uspid="2021" ordinal="36" offset="412" sl="182" sc="25" el="182" ec="60" bec="0" bev="0" fileid="43" />
                <SequencePoint vc="0" uspid="2022" ordinal="37" offset="420" sl="183" sc="21" el="183" ec="22" bec="0" bev="0" fileid="43" />
                <SequencePoint vc="0" uspid="2023" ordinal="38" offset="421" sl="184" sc="21" el="184" ec="60" bec="2" bev="0" fileid="43" />
                <SequencePoint vc="0" uspid="2024" ordinal="39" offset="440" sl="185" sc="25" el="185" ec="84" bec="0" bev="0" fileid="43" />
                <SequencePoint vc="0" uspid="2025" ordinal="40" offset="458" sl="187" sc="21" el="187" ec="86" bec="2" bev="0" fileid="43" />
                <SequencePoint vc="0" uspid="2026" ordinal="41" offset="489" sl="188" sc="25" el="188" ec="84" bec="0" bev="0" fileid="43" />
                <SequencePoint vc="0" uspid="2027" ordinal="42" offset="507" sl="189" sc="21" el="189" ec="52" bec="0" bev="0" fileid="43" />
                <SequencePoint vc="0" uspid="2028" ordinal="43" offset="517" sl="190" sc="17" el="190" ec="18" bec="0" bev="0" fileid="43" />
                <SequencePoint vc="1" uspid="2029" ordinal="44" offset="518" sl="194" sc="13" el="194" ec="14" bec="0" bev="0" fileid="43" />
                <SequencePoint vc="2" uspid="2030" ordinal="45" offset="525" sl="175" sc="33" el="175" ec="35" bec="0" bev="0" fileid="43" />
                <SequencePoint vc="1" uspid="2031" ordinal="46" offset="536" sl="196" sc="9" el="196" ec="10" bec="0" bev="0" fileid="43" />
              </SequencePoints>
              <BranchPoints>
                <BranchPoint vc="0" uspid="2032" ordinal="0" offset="41" sl="149" path="0" offsetend="43" fileid="43" />
                <BranchPoint vc="0" uspid="2033" ordinal="1" offset="41" sl="149" path="1" offsetend="60" fileid="43" />
                <BranchPoint vc="0" uspid="2034" ordinal="2" offset="88" sl="152" path="0" offsetend="90" fileid="43" />
                <BranchPoint vc="0" uspid="2035" ordinal="3" offset="88" sl="152" path="1" offsetend="107" fileid="43" />
                <BranchPoint vc="0" uspid="2036" ordinal="4" offset="119" sl="155" path="0" offsetend="121" fileid="43" />
                <BranchPoint vc="0" uspid="2037" ordinal="5" offset="119" sl="155" path="1" offsetend="135" fileid="43" />
                <BranchPoint vc="0" uspid="2038" ordinal="6" offset="140" sl="155" path="0" offsetend="142" fileid="43" />
                <BranchPoint vc="0" uspid="2039" ordinal="7" offset="140" sl="155" path="1" offsetend="188" fileid="43" />
                <BranchPoint vc="0" uspid="2040" ordinal="8" offset="204" sl="162" path="0" offsetend="206" fileid="43" />
                <BranchPoint vc="0" uspid="2041" ordinal="9" offset="204" sl="162" path="1" offsetend="299" fileid="43" />
                <BranchPoint vc="0" uspid="2042" ordinal="10" offset="230" sl="164" path="0" offsetend="232" fileid="43" />
                <BranchPoint vc="0" uspid="2043" ordinal="11" offset="230" sl="164" path="1" offsetend="249" fileid="43" />
                <BranchPoint vc="0" uspid="2046" ordinal="14" offset="364" sl="177" path="0" offsetend="369" fileid="43" />
                <BranchPoint vc="1" uspid="2047" ordinal="15" offset="364" sl="177" path="1" offsetend="518" fileid="43" />
                <BranchPoint vc="0" uspid="2048" ordinal="16" offset="409" sl="180" path="0" offsetend="411" fileid="43" />
                <BranchPoint vc="0" uspid="2049" ordinal="17" offset="409" sl="180" path="1" offsetend="421" fileid="43" />
                <BranchPoint vc="0" uspid="2050" ordinal="18" offset="438" sl="184" path="0" offsetend="440" fileid="43" />
                <BranchPoint vc="0" uspid="2051" ordinal="19" offset="438" sl="184" path="1" offsetend="458" fileid="43" />
                <BranchPoint vc="0" uspid="2052" ordinal="20" offset="487" sl="187" path="0" offsetend="489" fileid="43" />
                <BranchPoint vc="0" uspid="2053" ordinal="21" offset="487" sl="187" path="1" offsetend="507" fileid="43" />
              </BranchPoints>
              <MethodPoint xsi:type="SequencePoint" vc="1" uspid="1985" ordinal="0" offset="0" sl="142" sc="9" el="142" ec="10" bec="0" bev="0" fileid="43" />
            </Method>
          </Methods>
        </Class>
        <Class>
          <Summary numSequencePoints="1" visitedSequencePoints="0" numBranchPoints="1" visitedBranchPoints="0" sequenceCoverage="0" branchCoverage="0" maxCyclomaticComplexity="1" minCyclomaticComplexity="1" maxCrapScore="2" minCrapScore="2" visitedClasses="0" numClasses="1" visitedMethods="0" numMethods="1" />
          <FullName>HETS1Design.ZipArchiveHandler/&lt;&gt;c</FullName>
          <Methods>
            <Method visited="false" cyclomaticComplexity="1" nPathComplexity="0" sequenceCoverage="0" branchCoverage="0" crapScore="2" isConstructor="true" isStatic="true" isGetter="false" isSetter="false">
              <Summary numSequencePoints="0" visitedSequencePoints="0" numBranchPoints="0" visitedBranchPoints="0" sequenceCoverage="0" branchCoverage="0" maxCyclomaticComplexity="1" minCyclomaticComplexity="1" maxCrapScore="2" minCrapScore="2" visitedClasses="0" numClasses="0" visitedMethods="0" numMethods="0" />
              <MetadataToken>100663479</MetadataToken>
              <Name>System.Void HETS1Design.ZipArchiveHandler/&lt;&gt;c::.cctor()</Name>
              <SequencePoints />
              <BranchPoints />
              <MethodPoint vc="0" uspid="2056" ordinal="0" offset="0" />
            </Method>
            <Method visited="false" cyclomaticComplexity="1" nPathComplexity="0" sequenceCoverage="0" branchCoverage="0" crapScore="2" isConstructor="true" isStatic="false" isGetter="false" isSetter="false">
              <Summary numSequencePoints="0" visitedSequencePoints="0" numBranchPoints="0" visitedBranchPoints="0" sequenceCoverage="0" branchCoverage="0" maxCyclomaticComplexity="1" minCyclomaticComplexity="1" maxCrapScore="2" minCrapScore="2" visitedClasses="0" numClasses="0" visitedMethods="0" numMethods="0" />
              <MetadataToken>100663480</MetadataToken>
              <Name>System.Void HETS1Design.ZipArchiveHandler/&lt;&gt;c::.ctor()</Name>
              <SequencePoints />
              <BranchPoints />
              <MethodPoint vc="0" uspid="2057" ordinal="0" offset="0" />
            </Method>
            <Method visited="false" cyclomaticComplexity="1" nPathComplexity="0" sequenceCoverage="0" branchCoverage="0" crapScore="2" isConstructor="false" isStatic="false" isGetter="false" isSetter="false">
              <Summary numSequencePoints="1" visitedSequencePoints="0" numBranchPoints="1" visitedBranchPoints="0" sequenceCoverage="0" branchCoverage="0" maxCyclomaticComplexity="1" minCyclomaticComplexity="1" maxCrapScore="2" minCrapScore="2" visitedClasses="0" numClasses="0" visitedMethods="0" numMethods="1" />
              <MetadataToken>100663481</MetadataToken>
              <Name>System.String HETS1Design.ZipArchiveHandler/&lt;&gt;c::&lt;GetSubmissionData&gt;b__0_0(System.IO.Compression.ZipArchiveEntry)</Name>
              <FileRef uid="43" />
              <SequencePoints>
                <SequencePoint vc="0" uspid="2058" ordinal="0" offset="0" sl="53" sc="29" el="53" ec="43" bec="0" bev="0" fileid="43" />
              </SequencePoints>
              <BranchPoints />
              <MethodPoint xsi:type="SequencePoint" vc="0" uspid="2058" ordinal="0" offset="0" sl="53" sc="29" el="53" ec="43" bec="0" bev="0" fileid="43" />
            </Method>
          </Methods>
        </Class>
      </Classes>
    </Module>
  </Modules>
</CoverageSession>